<?xml version="1.0" encoding="UTF-8"?>
<!-- Generated by org.testng.reporters.JUnitXMLReporter -->
<testsuite hostname="lgvn12594" ignored="0" name="FirstTest" tests="1" failures="1" timestamp="10 Jul 2019 11:36:42 GMT" time="150.958" errors="0">
  <testcase name="TC_TempTest2" time="120.419" classname="com.logigear.test.ta_dashboard.testcases.FoodyTCs.TempTest2">
    <failure type="java.lang.StackOverflowError">
      <![CDATA[java.lang.StackOverflowError
at java.io.InputStream.<init>(Unknown Source)
at java.util.zip.ZipFile$ZipFileInputStream.<init>(Unknown Source)
at java.util.zip.ZipFile.getInputStream(Unknown Source)
at java.util.jar.JarFile.getInputStream(Unknown Source)
at sun.misc.URLClassPath$JarLoader$2.getInputStream(Unknown Source)
at sun.misc.Resource.cachedInputStream(Unknown Source)
at sun.misc.Resource.getByteBuffer(Unknown Source)
at java.net.URLClassLoader.defineClass(Unknown Source)
at java.net.URLClassLoader.access$100(Unknown Source)
at java.net.URLClassLoader$1.run(Unknown Source)
at java.net.URLClassLoader$1.run(Unknown Source)
at java.security.AccessController.doPrivileged(Native Method)
at java.net.URLClassLoader.findClass(Unknown Source)
at java.lang.ClassLoader.loadClass(Unknown Source)
at sun.misc.Launcher$AppClassLoader.loadClass(Unknown Source)
at java.lang.ClassLoader.loadClass(Unknown Source)
at org.openqa.selenium.support.ui.FluentWait.propagateIfNotIgnored(FluentWait.java:301)
at org.openqa.selenium.support.ui.FluentWait.until(FluentWait.java:270)
at com.logigear.testfw.driver.BaseDriver.waitForPresent(BaseDriver.java:85)
at com.logigear.testfw.element.BaseElement.waitForPresent(BaseElement.java:68)
at com.logigear.testfw.element.Element.isElementPresent(Element.java:428)
at com.logigear.testfw.element.Element.isElementPresent(Element.java:438)
at com.logigear.testfw.element.Element.isElementPresent(Element.java:429)
at com.logigear.testfw.element.Element.isElementPresent(Element.java:438)
at com.logigear.testfw.element.Element.isElementPresent(Element.java:429)
at com.logigear.testfw.element.Element.isElementPresent(Element.java:438)
at com.logigear.testfw.element.Element.isElementPresent(Element.java:429)
at com.logigear.testfw.element.Element.isElementPresent(Element.java:438)
at com.logigear.testfw.element.Element.isElementPresent(Element.java:429)
at com.logigear.testfw.element.Element.isElementPresent(Element.java:438)
at com.logigear.testfw.element.Element.isElementPresent(Element.java:429)
at com.logigear.testfw.element.Element.isElementPresent(Element.java:438)
at com.logigear.testfw.element.Element.isElementPresent(Element.java:429)
at com.logigear.testfw.element.Element.isElementPresent(Element.java:438)
at com.logigear.testfw.element.Element.isElementPresent(Element.java:429)
at com.logigear.testfw.element.Element.isElementPresent(Element.java:438)
at com.logigear.testfw.element.Element.isElementPresent(Element.java:429)
at com.logigear.testfw.element.Element.isElementPresent(Element.java:438)
at com.logigear.testfw.element.Element.isElementPresent(Element.java:429)
at com.logigear.testfw.element.Element.isElementPresent(Element.java:438)
at com.logigear.testfw.element.Element.isElementPresent(Element.java:429)
at com.logigear.testfw.element.Element.isElementPresent(Element.java:438)
at com.logigear.testfw.element.Element.isElementPresent(Element.java:429)
at com.logigear.testfw.element.Element.isElementPresent(Element.java:438)
at com.logigear.testfw.element.Element.isElementPresent(Element.java:429)
at com.logigear.testfw.element.Element.isElementPresent(Element.java:438)
at com.logigear.testfw.element.Element.isElementPresent(Element.java:429)
at com.logigear.testfw.element.Element.isElementPresent(Element.java:438)
at com.logigear.testfw.element.Element.isElementPresent(Element.java:429)
at com.logigear.testfw.element.Element.isElementPresent(Element.java:438)
at com.logigear.testfw.element.Element.isElementPresent(Element.java:429)
at com.logigear.testfw.element.Element.isElementPresent(Element.java:438)
at com.logigear.testfw.element.Element.isElementPresent(Element.java:429)
at com.logigear.testfw.element.Element.isElementPresent(Element.java:438)
at com.logigear.testfw.element.Element.isElementPresent(Element.java:429)
at com.logigear.testfw.element.Element.isElementPresent(Element.java:438)
at com.logigear.testfw.element.Element.isElementPresent(Element.java:429)
at com.logigear.testfw.element.Element.isElementPresent(Element.java:438)
at com.logigear.testfw.element.Element.isElementPresent(Element.java:429)
at com.logigear.testfw.element.Element.isElementPresent(Element.java:438)
at com.logigear.testfw.element.Element.isElementPresent(Element.java:429)
at com.logigear.testfw.element.Element.isElementPresent(Element.java:438)
at com.logigear.testfw.element.Element.isElementPresent(Element.java:429)
at com.logigear.testfw.element.Element.isElementPresent(Element.java:438)
at com.logigear.testfw.element.Element.isElementPresent(Element.java:429)
at com.logigear.testfw.element.Element.isElementPresent(Element.java:438)
at com.logigear.testfw.element.Element.isElementPresent(Element.java:429)
at com.logigear.testfw.element.Element.isElementPresent(Element.java:438)
at com.logigear.testfw.element.Element.isElementPresent(Element.java:429)
at com.logigear.testfw.element.Element.isElementPresent(Element.java:438)
at com.logigear.testfw.element.Element.isElementPresent(Element.java:429)
at com.logigear.testfw.element.Element.isElementPresent(Element.java:438)
at com.logigear.testfw.element.Element.isElementPresent(Element.java:429)
at com.logigear.testfw.element.Element.isElementPresent(Element.java:438)
at com.logigear.testfw.element.Element.isElementPresent(Element.java:429)
at com.logigear.testfw.element.Element.isElementPresent(Element.java:438)
at com.logigear.testfw.element.Element.isElementPresent(Element.java:429)
at com.logigear.testfw.element.Element.isElementPresent(Element.java:438)
at com.logigear.testfw.element.Element.isElementPresent(Element.java:429)
at com.logigear.testfw.element.Element.isElementPresent(Element.java:438)
at com.logigear.testfw.element.Element.isElementPresent(Element.java:429)
at com.logigear.testfw.element.Element.isElementPresent(Element.java:438)
at com.logigear.testfw.element.Element.isElementPresent(Element.java:429)
at com.logigear.testfw.element.Element.isElementPresent(Element.java:438)
at com.logigear.testfw.element.Element.isElementPresent(Element.java:429)
at com.logigear.testfw.element.Element.isElementPresent(Element.java:438)
at com.logigear.testfw.element.Element.isElementPresent(Element.java:429)
at com.logigear.testfw.element.Element.isElementPresent(Element.java:438)
at com.logigear.testfw.element.Element.isElementPresent(Element.java:429)
at com.logigear.testfw.element.Element.isElementPresent(Element.java:438)
at com.logigear.testfw.element.Element.isElementPresent(Element.java:429)
at com.logigear.testfw.element.Element.isElementPresent(Element.java:438)
at com.logigear.testfw.element.Element.isElementPresent(Element.java:429)
at com.logigear.testfw.element.Element.isElementPresent(Element.java:438)
at com.logigear.testfw.element.Element.isElementPresent(Element.java:429)
at com.logigear.testfw.element.Element.isElementPresent(Element.java:438)
at com.logigear.testfw.element.Element.isElementPresent(Element.java:429)
at com.logigear.testfw.element.Element.isElementPresent(Element.java:438)
at com.logigear.testfw.element.Element.isElementPresent(Element.java:429)
at com.logigear.testfw.element.Element.isElementPresent(Element.java:438)
at com.logigear.testfw.element.Element.isElementPresent(Element.java:429)
at com.logigear.testfw.element.Element.isElementPresent(Element.java:438)
at com.logigear.testfw.element.Element.isElementPresent(Element.java:429)
at com.logigear.testfw.element.Element.isElementPresent(Element.java:438)
at com.logigear.testfw.element.Element.isElementPresent(Element.java:429)
at com.logigear.testfw.element.Element.isElementPresent(Element.java:438)
at com.logigear.testfw.element.Element.isElementPresent(Element.java:429)
at com.logigear.testfw.element.Element.isElementPresent(Element.java:438)
at com.logigear.testfw.element.Element.isElementPresent(Element.java:429)
at com.logigear.testfw.element.Element.isElementPresent(Element.java:438)
at com.logigear.testfw.element.Element.isElementPresent(Element.java:429)
at com.logigear.testfw.element.Element.isElementPresent(Element.java:438)
at com.logigear.testfw.element.Element.isElementPresent(Element.java:429)
at com.logigear.testfw.element.Element.isElementPresent(Element.java:438)
at com.logigear.testfw.element.Element.isElementPresent(Element.java:429)
at com.logigear.testfw.element.Element.isElementPresent(Element.java:438)
at com.logigear.testfw.element.Element.isElementPresent(Element.java:429)
at com.logigear.testfw.element.Element.isElementPresent(Element.java:438)
at com.logigear.testfw.element.Element.isElementPresent(Element.java:429)
at com.logigear.testfw.element.Element.isElementPresent(Element.java:438)
at com.logigear.testfw.element.Element.isElementPresent(Element.java:429)
at com.logigear.testfw.element.Element.isElementPresent(Element.java:438)
at com.logigear.testfw.element.Element.isElementPresent(Element.java:429)
at com.logigear.testfw.element.Element.isElementPresent(Element.java:438)
at com.logigear.testfw.element.Element.isElementPresent(Element.java:429)
at com.logigear.testfw.element.Element.isElementPresent(Element.java:438)
at com.logigear.testfw.element.Element.isElementPresent(Element.java:429)
at com.logigear.testfw.element.Element.isElementPresent(Element.java:438)
at com.logigear.testfw.element.Element.isElementPresent(Element.java:429)
at com.logigear.testfw.element.Element.isElementPresent(Element.java:438)
at com.logigear.testfw.element.Element.isElementPresent(Element.java:429)
at com.logigear.testfw.element.Element.isElementPresent(Element.java:438)
at com.logigear.testfw.element.Element.isElementPresent(Element.java:429)
at com.logigear.testfw.element.Element.isElementPresent(Element.java:438)
at com.logigear.testfw.element.Element.isElementPresent(Element.java:429)
at com.logigear.testfw.element.Element.isElementPresent(Element.java:438)
at com.logigear.testfw.element.Element.isElementPresent(Element.java:429)
at com.logigear.testfw.element.Element.isElementPresent(Element.java:438)
at com.logigear.testfw.element.Element.isElementPresent(Element.java:429)
at com.logigear.testfw.element.Element.isElementPresent(Element.java:438)
at com.logigear.testfw.element.Element.isElementPresent(Element.java:429)
at com.logigear.testfw.element.Element.isElementPresent(Element.java:438)
at com.logigear.testfw.element.Element.isElementPresent(Element.java:429)
at com.logigear.testfw.element.Element.isElementPresent(Element.java:438)
at com.logigear.testfw.element.Element.isElementPresent(Element.java:429)
at com.logigear.testfw.element.Element.isElementPresent(Element.java:438)
at com.logigear.testfw.element.Element.isElementPresent(Element.java:429)
at com.logigear.testfw.element.Element.isElementPresent(Element.java:438)
at com.logigear.testfw.element.Element.isElementPresent(Element.java:429)
at com.logigear.testfw.element.Element.isElementPresent(Element.java:438)
at com.logigear.testfw.element.Element.isElementPresent(Element.java:429)
at com.logigear.testfw.element.Element.isElementPresent(Element.java:438)
at com.logigear.testfw.element.Element.isElementPresent(Element.java:429)
at com.logigear.testfw.element.Element.isElementPresent(Element.java:438)
at com.logigear.testfw.element.Element.isElementPresent(Element.java:429)
at com.logigear.testfw.element.Element.isElementPresent(Element.java:438)
at com.logigear.testfw.element.Element.isElementPresent(Element.java:429)
at com.logigear.testfw.element.Element.isElementPresent(Element.java:438)
at com.logigear.testfw.element.Element.isElementPresent(Element.java:429)
at com.logigear.testfw.element.Element.isElementPresent(Element.java:438)
at com.logigear.testfw.element.Element.isElementPresent(Element.java:429)
at com.logigear.testfw.element.Element.isElementPresent(Element.java:438)
at com.logigear.testfw.element.Element.isElementPresent(Element.java:429)
at com.logigear.testfw.element.Element.isElementPresent(Element.java:438)
at com.logigear.testfw.element.Element.isElementPresent(Element.java:429)
at com.logigear.testfw.element.Element.isElementPresent(Element.java:438)
at com.logigear.testfw.element.Element.isElementPresent(Element.java:429)
at com.logigear.testfw.element.Element.isElementPresent(Element.java:438)
at com.logigear.testfw.element.Element.isElementPresent(Element.java:429)
at com.logigear.testfw.element.Element.isElementPresent(Element.java:438)
at com.logigear.testfw.element.Element.isElementPresent(Element.java:429)
at com.logigear.testfw.element.Element.isElementPresent(Element.java:438)
at com.logigear.testfw.element.Element.isElementPresent(Element.java:429)
at com.logigear.testfw.element.Element.isElementPresent(Element.java:438)
at com.logigear.testfw.element.Element.isElementPresent(Element.java:429)
at com.logigear.testfw.element.Element.isElementPresent(Element.java:438)
at com.logigear.testfw.element.Element.isElementPresent(Element.java:429)
at com.logigear.testfw.element.Element.isElementPresent(Element.java:438)
at com.logigear.testfw.element.Element.isElementPresent(Element.java:429)
at com.logigear.testfw.element.Element.isElementPresent(Element.java:438)
at com.logigear.testfw.element.Element.isElementPresent(Element.java:429)
at com.logigear.testfw.element.Element.isElementPresent(Element.java:438)
at com.logigear.testfw.element.Element.isElementPresent(Element.java:429)
at com.logigear.testfw.element.Element.isElementPresent(Element.java:438)
at com.logigear.testfw.element.Element.isElementPresent(Element.java:429)
at com.logigear.testfw.element.Element.isElementPresent(Element.java:438)
at com.logigear.testfw.element.Element.isElementPresent(Element.java:429)
at com.logigear.testfw.element.Element.isElementPresent(Element.java:438)
at com.logigear.testfw.element.Element.isElementPresent(Element.java:429)
at com.logigear.testfw.element.Element.isElementPresent(Element.java:438)
at com.logigear.testfw.element.Element.isElementPresent(Element.java:429)
at com.logigear.testfw.element.Element.isElementPresent(Element.java:438)
at com.logigear.testfw.element.Element.isElementPresent(Element.java:429)
at com.logigear.testfw.element.Element.isElementPresent(Element.java:438)
at com.logigear.testfw.element.Element.isElementPresent(Element.java:429)
at com.logigear.testfw.element.Element.isElementPresent(Element.java:438)
at com.logigear.testfw.element.Element.isElementPresent(Element.java:429)
at com.logigear.testfw.element.Element.isElementPresent(Element.java:438)
at com.logigear.testfw.element.Element.isElementPresent(Element.java:429)
at com.logigear.testfw.element.Element.isElementPresent(Element.java:438)
at com.logigear.testfw.element.Element.isElementPresent(Element.java:429)
at com.logigear.testfw.element.Element.isElementPresent(Element.java:438)
at com.logigear.testfw.element.Element.isElementPresent(Element.java:429)
at com.logigear.testfw.element.Element.isElementPresent(Element.java:438)
at com.logigear.testfw.element.Element.isElementPresent(Element.java:429)
at com.logigear.testfw.element.Element.isElementPresent(Element.java:438)
at com.logigear.testfw.element.Element.isElementPresent(Element.java:429)
at com.logigear.testfw.element.Element.isElementPresent(Element.java:438)
at com.logigear.testfw.element.Element.isElementPresent(Element.java:429)
at com.logigear.testfw.element.Element.isElementPresent(Element.java:438)
at com.logigear.testfw.element.Element.isElementPresent(Element.java:429)
at com.logigear.testfw.element.Element.isElementPresent(Element.java:438)
at com.logigear.testfw.element.Element.isElementPresent(Element.java:429)
at com.logigear.testfw.element.Element.isElementPresent(Element.java:438)
at com.logigear.testfw.element.Element.isElementPresent(Element.java:429)
at com.logigear.testfw.element.Element.isElementPresent(Element.java:438)
at com.logigear.testfw.element.Element.isElementPresent(Element.java:429)
at com.logigear.testfw.element.Element.isElementPresent(Element.java:438)
at com.logigear.testfw.element.Element.isElementPresent(Element.java:429)
at com.logigear.testfw.element.Element.isElementPresent(Element.java:438)
at com.logigear.testfw.element.Element.isElementPresent(Element.java:429)
at com.logigear.testfw.element.Element.isElementPresent(Element.java:438)
at com.logigear.testfw.element.Element.isElementPresent(Element.java:429)
at com.logigear.testfw.element.Element.isElementPresent(Element.java:438)
at com.logigear.testfw.element.Element.isElementPresent(Element.java:429)
at com.logigear.testfw.element.Element.isElementPresent(Element.java:438)
at com.logigear.testfw.element.Element.isElementPresent(Element.java:429)
at com.logigear.testfw.element.Element.isElementPresent(Element.java:438)
at com.logigear.testfw.element.Element.isElementPresent(Element.java:429)
at com.logigear.testfw.element.Element.isElementPresent(Element.java:438)
at com.logigear.testfw.element.Element.isElementPresent(Element.java:429)
at com.logigear.testfw.element.Element.isElementPresent(Element.java:438)
at com.logigear.testfw.element.Element.isElementPresent(Element.java:429)
at com.logigear.testfw.element.Element.isElementPresent(Element.java:438)
at com.logigear.testfw.element.Element.isElementPresent(Element.java:429)
at com.logigear.testfw.element.Element.isElementPresent(Element.java:438)
at com.logigear.testfw.element.Element.isElementPresent(Element.java:429)
at com.logigear.testfw.element.Element.isElementPresent(Element.java:438)
at com.logigear.testfw.element.Element.isElementPresent(Element.java:429)
at com.logigear.testfw.element.Element.isElementPresent(Element.java:438)
at com.logigear.testfw.element.Element.isElementPresent(Element.java:429)
at com.logigear.testfw.element.Element.isElementPresent(Element.java:438)
at com.logigear.testfw.element.Element.isElementPresent(Element.java:429)
at com.logigear.testfw.element.Element.isElementPresent(Element.java:438)
at com.logigear.testfw.element.Element.isElementPresent(Element.java:429)
at com.logigear.testfw.element.Element.isElementPresent(Element.java:438)
at com.logigear.testfw.element.Element.isElementPresent(Element.java:429)
at com.logigear.testfw.element.Element.isElementPresent(Element.java:438)
at com.logigear.testfw.element.Element.isElementPresent(Element.java:429)
at com.logigear.testfw.element.Element.isElementPresent(Element.java:438)
at com.logigear.testfw.element.Element.isElementPresent(Element.java:429)
at com.logigear.testfw.element.Element.isElementPresent(Element.java:438)
at com.logigear.testfw.element.Element.isElementPresent(Element.java:429)
at com.logigear.testfw.element.Element.isElementPresent(Element.java:438)
at com.logigear.testfw.element.Element.isElementPresent(Element.java:429)
at com.logigear.testfw.element.Element.isElementPresent(Element.java:438)
at com.logigear.testfw.element.Element.isElementPresent(Element.java:429)
at com.logigear.testfw.element.Element.isElementPresent(Element.java:438)
at com.logigear.testfw.element.Element.isElementPresent(Element.java:429)
at com.logigear.testfw.element.Element.isElementPresent(Element.java:438)
at com.logigear.testfw.element.Element.isElementPresent(Element.java:429)
at com.logigear.testfw.element.Element.isElementPresent(Element.java:438)
at com.logigear.testfw.element.Element.isElementPresent(Element.java:429)
at com.logigear.testfw.element.Element.isElementPresent(Element.java:438)
at com.logigear.testfw.element.Element.isElementPresent(Element.java:429)
at com.logigear.testfw.element.Element.isElementPresent(Element.java:438)
at com.logigear.testfw.element.Element.isElementPresent(Element.java:429)
at com.logigear.testfw.element.Element.isElementPresent(Element.java:438)
at com.logigear.testfw.element.Element.isElementPresent(Element.java:429)
at com.logigear.testfw.element.Element.isElementPresent(Element.java:438)
at com.logigear.testfw.element.Element.isElementPresent(Element.java:429)
at com.logigear.testfw.element.Element.isElementPresent(Element.java:438)
at com.logigear.testfw.element.Element.isElementPresent(Element.java:429)
at com.logigear.testfw.element.Element.isElementPresent(Element.java:438)
at com.logigear.testfw.element.Element.isElementPresent(Element.java:429)
at com.logigear.testfw.element.Element.isElementPresent(Element.java:438)
at com.logigear.testfw.element.Element.isElementPresent(Element.java:429)
at com.logigear.testfw.element.Element.isElementPresent(Element.java:438)
at com.logigear.testfw.element.Element.isElementPresent(Element.java:429)
at com.logigear.testfw.element.Element.isElementPresent(Element.java:438)
at com.logigear.testfw.element.Element.isElementPresent(Element.java:429)
at com.logigear.testfw.element.Element.isElementPresent(Element.java:438)
at com.logigear.testfw.element.Element.isElementPresent(Element.java:429)
at com.logigear.testfw.element.Element.isElementPresent(Element.java:438)
at com.logigear.testfw.element.Element.isElementPresent(Element.java:429)
at com.logigear.testfw.element.Element.isElementPresent(Element.java:438)
at com.logigear.testfw.element.Element.isElementPresent(Element.java:429)
at com.logigear.testfw.element.Element.isElementPresent(Element.java:438)
at com.logigear.testfw.element.Element.isElementPresent(Element.java:429)
at com.logigear.testfw.element.Element.isElementPresent(Element.java:438)
at com.logigear.testfw.element.Element.isElementPresent(Element.java:429)
at com.logigear.testfw.element.Element.isElementPresent(Element.java:438)
at com.logigear.testfw.element.Element.isElementPresent(Element.java:429)
at com.logigear.testfw.element.Element.isElementPresent(Element.java:438)
at com.logigear.testfw.element.Element.isElementPresent(Element.java:429)
at com.logigear.testfw.element.Element.isElementPresent(Element.java:438)
at com.logigear.testfw.element.Element.isElementPresent(Element.java:429)
at com.logigear.testfw.element.Element.isElementPresent(Element.java:438)
at com.logigear.testfw.element.Element.isElementPresent(Element.java:429)
at com.logigear.testfw.element.Element.isElementPresent(Element.java:438)
at com.logigear.testfw.element.Element.isElementPresent(Element.java:429)
at com.logigear.testfw.element.Element.isElementPresent(Element.java:438)
at com.logigear.testfw.element.Element.isElementPresent(Element.java:429)
at com.logigear.testfw.element.Element.isElementPresent(Element.java:438)
at com.logigear.testfw.element.Element.isElementPresent(Element.java:429)
at com.logigear.testfw.element.Element.isElementPresent(Element.java:438)
at com.logigear.testfw.element.Element.isElementPresent(Element.java:429)
at com.logigear.testfw.element.Element.isElementPresent(Element.java:438)
at com.logigear.testfw.element.Element.isElementPresent(Element.java:429)
at com.logigear.testfw.element.Element.isElementPresent(Element.java:438)
at com.logigear.testfw.element.Element.isElementPresent(Element.java:429)
at com.logigear.testfw.element.Element.isElementPresent(Element.java:438)
at com.logigear.testfw.element.Element.isElementPresent(Element.java:429)
at com.logigear.testfw.element.Element.isElementPresent(Element.java:438)
at com.logigear.testfw.element.Element.isElementPresent(Element.java:429)
at com.logigear.testfw.element.Element.isElementPresent(Element.java:438)
at com.logigear.testfw.element.Element.isElementPresent(Element.java:429)
at com.logigear.testfw.element.Element.isElementPresent(Element.java:438)
at com.logigear.testfw.element.Element.isElementPresent(Element.java:429)
at com.logigear.testfw.element.Element.isElementPresent(Element.java:438)
at com.logigear.testfw.element.Element.isElementPresent(Element.java:429)
at com.logigear.testfw.element.Element.isElementPresent(Element.java:438)
at com.logigear.testfw.element.Element.isElementPresent(Element.java:429)
at com.logigear.testfw.element.Element.isElementPresent(Element.java:438)
at com.logigear.testfw.element.Element.isElementPresent(Element.java:429)
at com.logigear.testfw.element.Element.isElementPresent(Element.java:438)
at com.logigear.testfw.element.Element.isElementPresent(Element.java:429)
at com.logigear.testfw.element.Element.isElementPresent(Element.java:438)
at com.logigear.testfw.element.Element.isElementPresent(Element.java:429)
at com.logigear.testfw.element.Element.isElementPresent(Element.java:438)
at com.logigear.testfw.element.Element.isElementPresent(Element.java:429)
at com.logigear.testfw.element.Element.isElementPresent(Element.java:438)
at com.logigear.testfw.element.Element.isElementPresent(Element.java:429)
at com.logigear.testfw.element.Element.isElementPresent(Element.java:438)
at com.logigear.testfw.element.Element.isElementPresent(Element.java:429)
at com.logigear.testfw.element.Element.isElementPresent(Element.java:438)
at com.logigear.testfw.element.Element.isElementPresent(Element.java:429)
at com.logigear.testfw.element.Element.isElementPresent(Element.java:438)
at com.logigear.testfw.element.Element.isElementPresent(Element.java:429)
at com.logigear.testfw.element.Element.isElementPresent(Element.java:438)
at com.logigear.testfw.element.Element.isElementPresent(Element.java:429)
at com.logigear.testfw.element.Element.isElementPresent(Element.java:438)
at com.logigear.testfw.element.Element.isElementPresent(Element.java:429)
at com.logigear.testfw.element.Element.isElementPresent(Element.java:438)
at com.logigear.testfw.element.Element.isElementPresent(Element.java:429)
at com.logigear.testfw.element.Element.isElementPresent(Element.java:438)
at com.logigear.testfw.element.Element.isElementPresent(Element.java:429)
at com.logigear.testfw.element.Element.isElementPresent(Element.java:438)
at com.logigear.testfw.element.Element.isElementPresent(Element.java:429)
at com.logigear.testfw.element.Element.isElementPresent(Element.java:438)
at com.logigear.testfw.element.Element.isElementPresent(Element.java:429)
at com.logigear.testfw.element.Element.isElementPresent(Element.java:438)
at com.logigear.testfw.element.Element.isElementPresent(Element.java:429)
at com.logigear.testfw.element.Element.isElementPresent(Element.java:438)
at com.logigear.testfw.element.Element.isElementPresent(Element.java:429)
at com.logigear.testfw.element.Element.isElementPresent(Element.java:438)
at com.logigear.testfw.element.Element.isElementPresent(Element.java:429)
at com.logigear.testfw.element.Element.isElementPresent(Element.java:438)
at com.logigear.testfw.element.Element.isElementPresent(Element.java:429)
at com.logigear.testfw.element.Element.isElementPresent(Element.java:438)
at com.logigear.testfw.element.Element.isElementPresent(Element.java:429)
at com.logigear.testfw.element.Element.isElementPresent(Element.java:438)
at com.logigear.testfw.element.Element.isElementPresent(Element.java:429)
at com.logigear.testfw.element.Element.isElementPresent(Element.java:438)
at com.logigear.testfw.element.Element.isElementPresent(Element.java:429)
at com.logigear.testfw.element.Element.isElementPresent(Element.java:438)
at com.logigear.testfw.element.Element.isElementPresent(Element.java:429)
at com.logigear.testfw.element.Element.isElementPresent(Element.java:438)
at com.logigear.testfw.element.Element.isElementPresent(Element.java:429)
at com.logigear.testfw.element.Element.isElementPresent(Element.java:438)
at com.logigear.testfw.element.Element.isElementPresent(Element.java:429)
at com.logigear.testfw.element.Element.isElementPresent(Element.java:438)
at com.logigear.testfw.element.Element.isElementPresent(Element.java:429)
at com.logigear.testfw.element.Element.isElementPresent(Element.java:438)
at com.logigear.testfw.element.Element.isElementPresent(Element.java:429)
at com.logigear.testfw.element.Element.isElementPresent(Element.java:438)
at com.logigear.testfw.element.Element.isElementPresent(Element.java:429)
at com.logigear.testfw.element.Element.isElementPresent(Element.java:438)
at com.logigear.testfw.element.Element.isElementPresent(Element.java:429)
at com.logigear.testfw.element.Element.isElementPresent(Element.java:438)
at com.logigear.testfw.element.Element.isElementPresent(Element.java:429)
at com.logigear.testfw.element.Element.isElementPresent(Element.java:438)
at com.logigear.testfw.element.Element.isElementPresent(Element.java:429)
at com.logigear.testfw.element.Element.isElementPresent(Element.java:438)
at com.logigear.testfw.element.Element.isElementPresent(Element.java:429)
at com.logigear.testfw.element.Element.isElementPresent(Element.java:438)
at com.logigear.testfw.element.Element.isElementPresent(Element.java:429)
at com.logigear.testfw.element.Element.isElementPresent(Element.java:438)
at com.logigear.testfw.element.Element.isElementPresent(Element.java:429)
at com.logigear.testfw.element.Element.isElementPresent(Element.java:438)
at com.logigear.testfw.element.Element.isElementPresent(Element.java:429)
at com.logigear.testfw.element.Element.isElementPresent(Element.java:438)
at com.logigear.testfw.element.Element.isElementPresent(Element.java:429)
at com.logigear.testfw.element.Element.isElementPresent(Element.java:438)
at com.logigear.testfw.element.Element.isElementPresent(Element.java:429)
at com.logigear.testfw.element.Element.isElementPresent(Element.java:438)
at com.logigear.testfw.element.Element.isElementPresent(Element.java:429)
at com.logigear.testfw.element.Element.isElementPresent(Element.java:438)
at com.logigear.testfw.element.Element.isElementPresent(Element.java:429)
at com.logigear.testfw.element.Element.isElementPresent(Element.java:438)
at com.logigear.testfw.element.Element.isElementPresent(Element.java:429)
at com.logigear.testfw.element.Element.isElementPresent(Element.java:438)
at com.logigear.testfw.element.Element.isElementPresent(Element.java:429)
at com.logigear.testfw.element.Element.isElementPresent(Element.java:438)
at com.logigear.testfw.element.Element.isElementPresent(Element.java:429)
at com.logigear.testfw.element.Element.isElementPresent(Element.java:438)
at com.logigear.testfw.element.Element.isElementPresent(Element.java:429)
at com.logigear.testfw.element.Element.isElementPresent(Element.java:438)
at com.logigear.testfw.element.Element.isElementPresent(Element.java:429)
at com.logigear.testfw.element.Element.isElementPresent(Element.java:438)
at com.logigear.testfw.element.Element.isElementPresent(Element.java:429)
at com.logigear.testfw.element.Element.isElementPresent(Element.java:438)
at com.logigear.testfw.element.Element.isElementPresent(Element.java:429)
at com.logigear.testfw.element.Element.isElementPresent(Element.java:438)
at com.logigear.testfw.element.Element.isElementPresent(Element.java:429)
at com.logigear.testfw.element.Element.isElementPresent(Element.java:438)
at com.logigear.testfw.element.Element.isElementPresent(Element.java:429)
at com.logigear.testfw.element.Element.isElementPresent(Element.java:438)
at com.logigear.testfw.element.Element.isElementPresent(Element.java:429)
at com.logigear.testfw.element.Element.isElementPresent(Element.java:438)
at com.logigear.testfw.element.Element.isElementPresent(Element.java:429)
at com.logigear.testfw.element.Element.isElementPresent(Element.java:438)
at com.logigear.testfw.element.Element.isElementPresent(Element.java:429)
at com.logigear.testfw.element.Element.isElementPresent(Element.java:438)
at com.logigear.testfw.element.Element.isElementPresent(Element.java:429)
at com.logigear.testfw.element.Element.isElementPresent(Element.java:438)
at com.logigear.testfw.element.Element.isElementPresent(Element.java:429)
at com.logigear.testfw.element.Element.isElementPresent(Element.java:438)
at com.logigear.testfw.element.Element.isElementPresent(Element.java:429)
at com.logigear.testfw.element.Element.isElementPresent(Element.java:438)
at com.logigear.testfw.element.Element.isElementPresent(Element.java:429)
at com.logigear.testfw.element.Element.isElementPresent(Element.java:438)
at com.logigear.testfw.element.Element.isElementPresent(Element.java:429)
at com.logigear.testfw.element.Element.isElementPresent(Element.java:438)
at com.logigear.testfw.element.Element.isElementPresent(Element.java:429)
at com.logigear.testfw.element.Element.isElementPresent(Element.java:438)
at com.logigear.testfw.element.Element.isElementPresent(Element.java:429)
at com.logigear.testfw.element.Element.isElementPresent(Element.java:438)
at com.logigear.testfw.element.Element.isElementPresent(Element.java:429)
at com.logigear.testfw.element.Element.isElementPresent(Element.java:438)
at com.logigear.testfw.element.Element.isElementPresent(Element.java:429)
at com.logigear.testfw.element.Element.isElementPresent(Element.java:438)
at com.logigear.testfw.element.Element.isElementPresent(Element.java:429)
at com.logigear.testfw.element.Element.isElementPresent(Element.java:438)
at com.logigear.testfw.element.Element.isElementPresent(Element.java:429)
at com.logigear.testfw.element.Element.isElementPresent(Element.java:438)
at com.logigear.testfw.element.Element.isElementPresent(Element.java:429)
at com.logigear.testfw.element.Element.isElementPresent(Element.java:438)
at com.logigear.testfw.element.Element.isElementPresent(Element.java:429)
at com.logigear.testfw.element.Element.isElementPresent(Element.java:438)
at com.logigear.testfw.element.Element.isElementPresent(Element.java:429)
at com.logigear.testfw.element.Element.isElementPresent(Element.java:438)
at com.logigear.testfw.element.Element.isElementPresent(Element.java:429)
at com.logigear.testfw.element.Element.isElementPresent(Element.java:438)
at com.logigear.testfw.element.Element.isElementPresent(Element.java:429)
at com.logigear.testfw.element.Element.isElementPresent(Element.java:438)
at com.logigear.testfw.element.Element.isElementPresent(Element.java:429)
at com.logigear.testfw.element.Element.isElementPresent(Element.java:438)
at com.logigear.testfw.element.Element.isElementPresent(Element.java:429)
at com.logigear.testfw.element.Element.isElementPresent(Element.java:438)
at com.logigear.testfw.element.Element.isElementPresent(Element.java:429)
at com.logigear.testfw.element.Element.isElementPresent(Element.java:438)
at com.logigear.testfw.element.Element.isElementPresent(Element.java:429)
at com.logigear.testfw.element.Element.isElementPresent(Element.java:438)
at com.logigear.testfw.element.Element.isElementPresent(Element.java:429)
at com.logigear.testfw.element.Element.isElementPresent(Element.java:438)
at com.logigear.testfw.element.Element.isElementPresent(Element.java:429)
at com.logigear.testfw.element.Element.isElementPresent(Element.java:438)
at com.logigear.testfw.element.Element.isElementPresent(Element.java:429)
at com.logigear.testfw.element.Element.isElementPresent(Element.java:438)
at com.logigear.testfw.element.Element.isElementPresent(Element.java:429)
at com.logigear.testfw.element.Element.isElementPresent(Element.java:438)
at com.logigear.testfw.element.Element.isElementPresent(Element.java:429)
at com.logigear.testfw.element.Element.isElementPresent(Element.java:438)
at com.logigear.testfw.element.Element.isElementPresent(Element.java:429)
at com.logigear.testfw.element.Element.isElementPresent(Element.java:438)
at com.logigear.testfw.element.Element.isElementPresent(Element.java:429)
at com.logigear.testfw.element.Element.isElementPresent(Element.java:438)
at com.logigear.testfw.element.Element.isElementPresent(Element.java:429)
at com.logigear.testfw.element.Element.isElementPresent(Element.java:438)
at com.logigear.testfw.element.Element.isElementPresent(Element.java:429)
at com.logigear.testfw.element.Element.isElementPresent(Element.java:438)
at com.logigear.testfw.element.Element.isElementPresent(Element.java:429)
at com.logigear.testfw.element.Element.isElementPresent(Element.java:438)
at com.logigear.testfw.element.Element.isElementPresent(Element.java:429)
at com.logigear.testfw.element.Element.isElementPresent(Element.java:438)
at com.logigear.testfw.element.Element.isElementPresent(Element.java:429)
at com.logigear.testfw.element.Element.isElementPresent(Element.java:438)
at com.logigear.testfw.element.Element.isElementPresent(Element.java:429)
at com.logigear.testfw.element.Element.isElementPresent(Element.java:438)
at com.logigear.testfw.element.Element.isElementPresent(Element.java:429)
at com.logigear.testfw.element.Element.isElementPresent(Element.java:438)
at com.logigear.testfw.element.Element.isElementPresent(Element.java:429)
at com.logigear.testfw.element.Element.isElementPresent(Element.java:438)
at com.logigear.testfw.element.Element.isElementPresent(Element.java:429)
at com.logigear.testfw.element.Element.isElementPresent(Element.java:438)
at com.logigear.testfw.element.Element.isElementPresent(Element.java:429)
at com.logigear.testfw.element.Element.isElementPresent(Element.java:438)
at com.logigear.testfw.element.Element.isElementPresent(Element.java:429)
at com.logigear.testfw.element.Element.isElementPresent(Element.java:438)
at com.logigear.testfw.element.Element.isElementPresent(Element.java:429)
at com.logigear.testfw.element.Element.isElementPresent(Element.java:438)
at com.logigear.testfw.element.Element.isElementPresent(Element.java:429)
at com.logigear.testfw.element.Element.isElementPresent(Element.java:438)
at com.logigear.testfw.element.Element.isElementPresent(Element.java:429)
at com.logigear.testfw.element.Element.isElementPresent(Element.java:438)
at com.logigear.testfw.element.Element.isElementPresent(Element.java:429)
at com.logigear.testfw.element.Element.isElementPresent(Element.java:438)
at com.logigear.testfw.element.Element.isElementPresent(Element.java:429)
at com.logigear.testfw.element.Element.isElementPresent(Element.java:438)
at com.logigear.testfw.element.Element.isElementPresent(Element.java:429)
at com.logigear.testfw.element.Element.isElementPresent(Element.java:438)
at com.logigear.testfw.element.Element.isElementPresent(Element.java:429)
at com.logigear.testfw.element.Element.isElementPresent(Element.java:438)
at com.logigear.testfw.element.Element.isElementPresent(Element.java:429)
at com.logigear.testfw.element.Element.isElementPresent(Element.java:438)
at com.logigear.testfw.element.Element.isElementPresent(Element.java:429)
at com.logigear.testfw.element.Element.isElementPresent(Element.java:438)
at com.logigear.testfw.element.Element.isElementPresent(Element.java:429)
at com.logigear.testfw.element.Element.isElementPresent(Element.java:438)
at com.logigear.testfw.element.Element.isElementPresent(Element.java:429)
at com.logigear.testfw.element.Element.isElementPresent(Element.java:438)
at com.logigear.testfw.element.Element.isElementPresent(Element.java:429)
at com.logigear.testfw.element.Element.isElementPresent(Element.java:438)
at com.logigear.testfw.element.Element.isElementPresent(Element.java:429)
at com.logigear.testfw.element.Element.isElementPresent(Element.java:438)
at com.logigear.testfw.element.Element.isElementPresent(Element.java:429)
at com.logigear.testfw.element.Element.isElementPresent(Element.java:438)
at com.logigear.testfw.element.Element.isElementPresent(Element.java:429)
at com.logigear.testfw.element.Element.isElementPresent(Element.java:438)
at com.logigear.testfw.element.Element.isElementPresent(Element.java:429)
at com.logigear.testfw.element.Element.isElementPresent(Element.java:438)
at com.logigear.testfw.element.Element.isElementPresent(Element.java:429)
at com.logigear.testfw.element.Element.isElementPresent(Element.java:438)
at com.logigear.testfw.element.Element.isElementPresent(Element.java:429)
at com.logigear.testfw.element.Element.isElementPresent(Element.java:438)
at com.logigear.testfw.element.Element.isElementPresent(Element.java:429)
at com.logigear.testfw.element.Element.isElementPresent(Element.java:438)
at com.logigear.testfw.element.Element.isElementPresent(Element.java:429)
at com.logigear.testfw.element.Element.isElementPresent(Element.java:438)
at com.logigear.testfw.element.Element.isElementPresent(Element.java:429)
at com.logigear.testfw.element.Element.isElementPresent(Element.java:438)
at com.logigear.testfw.element.Element.isElementPresent(Element.java:429)
at com.logigear.testfw.element.Element.isElementPresent(Element.java:438)
at com.logigear.testfw.element.Element.isElementPresent(Element.java:429)
at com.logigear.testfw.element.Element.isElementPresent(Element.java:438)
at com.logigear.testfw.element.Element.isElementPresent(Element.java:429)
at com.logigear.testfw.element.Element.isElementPresent(Element.java:438)
at com.logigear.testfw.element.Element.isElementPresent(Element.java:429)
at com.logigear.testfw.element.Element.isElementPresent(Element.java:438)
at com.logigear.testfw.element.Element.isElementPresent(Element.java:429)
at com.logigear.testfw.element.Element.isElementPresent(Element.java:438)
at com.logigear.testfw.element.Element.isElementPresent(Element.java:429)
at com.logigear.testfw.element.Element.isElementPresent(Element.java:438)
at com.logigear.testfw.element.Element.isElementPresent(Element.java:429)
at com.logigear.testfw.element.Element.isElementPresent(Element.java:438)
at com.logigear.testfw.element.Element.isElementPresent(Element.java:429)
at com.logigear.testfw.element.Element.isElementPresent(Element.java:438)
at com.logigear.testfw.element.Element.isElementPresent(Element.java:429)
at com.logigear.testfw.element.Element.isElementPresent(Element.java:438)
at com.logigear.testfw.element.Element.isElementPresent(Element.java:429)
at com.logigear.testfw.element.Element.isElementPresent(Element.java:438)
at com.logigear.testfw.element.Element.isElementPresent(Element.java:429)
at com.logigear.testfw.element.Element.isElementPresent(Element.java:438)
at com.logigear.testfw.element.Element.isElementPresent(Element.java:429)
at com.logigear.testfw.element.Element.isElementPresent(Element.java:438)
at com.logigear.testfw.element.Element.isElementPresent(Element.java:429)
at com.logigear.testfw.element.Element.isElementPresent(Element.java:438)
at com.logigear.testfw.element.Element.isElementPresent(Element.java:429)
at com.logigear.testfw.element.Element.isElementPresent(Element.java:438)
at com.logigear.testfw.element.Element.isElementPresent(Element.java:429)
at com.logigear.testfw.element.Element.isElementPresent(Element.java:438)
at com.logigear.testfw.element.Element.isElementPresent(Element.java:429)
at com.logigear.testfw.element.Element.isElementPresent(Element.java:438)
at com.logigear.testfw.element.Element.isElementPresent(Element.java:429)
at com.logigear.testfw.element.Element.isElementPresent(Element.java:438)
at com.logigear.testfw.element.Element.isElementPresent(Element.java:429)
at com.logigear.testfw.element.Element.isElementPresent(Element.java:438)
at com.logigear.testfw.element.Element.isElementPresent(Element.java:429)
at com.logigear.testfw.element.Element.isElementPresent(Element.java:438)
at com.logigear.testfw.element.Element.isElementPresent(Element.java:429)
at com.logigear.testfw.element.Element.isElementPresent(Element.java:438)
at com.logigear.testfw.element.Element.isElementPresent(Element.java:429)
at com.logigear.testfw.element.Element.isElementPresent(Element.java:438)
at com.logigear.testfw.element.Element.isElementPresent(Element.java:429)
at com.logigear.testfw.element.Element.isElementPresent(Element.java:438)
at com.logigear.testfw.element.Element.isElementPresent(Element.java:429)
at com.logigear.testfw.element.Element.isElementPresent(Element.java:438)
at com.logigear.testfw.element.Element.isElementPresent(Element.java:429)
at com.logigear.testfw.element.Element.isElementPresent(Element.java:438)
at com.logigear.testfw.element.Element.isElementPresent(Element.java:429)
at com.logigear.testfw.element.Element.isElementPresent(Element.java:438)
at com.logigear.testfw.element.Element.isElementPresent(Element.java:429)
at com.logigear.testfw.element.Element.isElementPresent(Element.java:438)
at com.logigear.testfw.element.Element.isElementPresent(Element.java:429)
at com.logigear.testfw.element.Element.isElementPresent(Element.java:438)
at com.logigear.testfw.element.Element.isElementPresent(Element.java:429)
at com.logigear.testfw.element.Element.isElementPresent(Element.java:438)
at com.logigear.testfw.element.Element.isElementPresent(Element.java:429)
at com.logigear.testfw.element.Element.isElementPresent(Element.java:438)
at com.logigear.testfw.element.Element.isElementPresent(Element.java:429)
at com.logigear.testfw.element.Element.isElementPresent(Element.java:438)
at com.logigear.testfw.element.Element.isElementPresent(Element.java:429)
at com.logigear.testfw.element.Element.isElementPresent(Element.java:438)
at com.logigear.testfw.element.Element.isElementPresent(Element.java:429)
at com.logigear.testfw.element.Element.isElementPresent(Element.java:438)
at com.logigear.testfw.element.Element.isElementPresent(Element.java:429)
at com.logigear.testfw.element.Element.isElementPresent(Element.java:438)
at com.logigear.testfw.element.Element.isElementPresent(Element.java:429)
at com.logigear.testfw.element.Element.isElementPresent(Element.java:438)
at com.logigear.testfw.element.Element.isElementPresent(Element.java:429)
at com.logigear.testfw.element.Element.isElementPresent(Element.java:438)
at com.logigear.testfw.element.Element.isElementPresent(Element.java:429)
at com.logigear.testfw.element.Element.isElementPresent(Element.java:438)
at com.logigear.testfw.element.Element.isElementPresent(Element.java:429)
at com.logigear.testfw.element.Element.isElementPresent(Element.java:438)
at com.logigear.testfw.element.Element.isElementPresent(Element.java:429)
at com.logigear.testfw.element.Element.isElementPresent(Element.java:438)
at com.logigear.testfw.element.Element.isElementPresent(Element.java:429)
at com.logigear.testfw.element.Element.isElementPresent(Element.java:438)
at com.logigear.testfw.element.Element.isElementPresent(Element.java:429)
at com.logigear.testfw.element.Element.isElementPresent(Element.java:438)
at com.logigear.testfw.element.Element.isElementPresent(Element.java:429)
at com.logigear.testfw.element.Element.isElementPresent(Element.java:438)
at com.logigear.testfw.element.Element.isElementPresent(Element.java:429)
at com.logigear.testfw.element.Element.isElementPresent(Element.java:438)
at com.logigear.testfw.element.Element.isElementPresent(Element.java:429)
at com.logigear.testfw.element.Element.isElementPresent(Element.java:438)
at com.logigear.testfw.element.Element.isElementPresent(Element.java:429)
at com.logigear.testfw.element.Element.isElementPresent(Element.java:438)
at com.logigear.testfw.element.Element.isElementPresent(Element.java:429)
at com.logigear.testfw.element.Element.isElementPresent(Element.java:438)
at com.logigear.testfw.element.Element.isElementPresent(Element.java:429)
at com.logigear.testfw.element.Element.isElementPresent(Element.java:438)
at com.logigear.testfw.element.Element.isElementPresent(Element.java:429)
at com.logigear.testfw.element.Element.isElementPresent(Element.java:438)
at com.logigear.testfw.element.Element.isElementPresent(Element.java:429)
at com.logigear.testfw.element.Element.isElementPresent(Element.java:438)
at com.logigear.testfw.element.Element.isElementPresent(Element.java:429)
at com.logigear.testfw.element.Element.isElementPresent(Element.java:438)
at com.logigear.testfw.element.Element.isElementPresent(Element.java:429)
at com.logigear.testfw.element.Element.isElementPresent(Element.java:438)
at com.logigear.testfw.element.Element.isElementPresent(Element.java:429)
at com.logigear.testfw.element.Element.isElementPresent(Element.java:438)
at com.logigear.testfw.element.Element.isElementPresent(Element.java:429)
at com.logigear.testfw.element.Element.isElementPresent(Element.java:438)
at com.logigear.testfw.element.Element.isElementPresent(Element.java:429)
at com.logigear.testfw.element.Element.isElementPresent(Element.java:438)
at com.logigear.testfw.element.Element.isElementPresent(Element.java:429)
at com.logigear.testfw.element.Element.isElementPresent(Element.java:438)
at com.logigear.testfw.element.Element.isElementPresent(Element.java:429)
at com.logigear.testfw.element.Element.isElementPresent(Element.java:438)
at com.logigear.testfw.element.Element.isElementPresent(Element.java:429)
at com.logigear.testfw.element.Element.isElementPresent(Element.java:438)
at com.logigear.testfw.element.Element.isElementPresent(Element.java:429)
at com.logigear.testfw.element.Element.isElementPresent(Element.java:438)
at com.logigear.testfw.element.Element.isElementPresent(Element.java:429)
at com.logigear.testfw.element.Element.isElementPresent(Element.java:438)
at com.logigear.testfw.element.Element.isElementPresent(Element.java:429)
at com.logigear.testfw.element.Element.isElementPresent(Element.java:438)
at com.logigear.testfw.element.Element.isElementPresent(Element.java:429)
at com.logigear.testfw.element.Element.isElementPresent(Element.java:438)
at com.logigear.testfw.element.Element.isElementPresent(Element.java:429)
at com.logigear.testfw.element.Element.isElementPresent(Element.java:438)
at com.logigear.testfw.element.Element.isElementPresent(Element.java:429)
at com.logigear.testfw.element.Element.isElementPresent(Element.java:438)
at com.logigear.testfw.element.Element.isElementPresent(Element.java:429)
at com.logigear.testfw.element.Element.isElementPresent(Element.java:438)
at com.logigear.testfw.element.Element.isElementPresent(Element.java:429)
at com.logigear.testfw.element.Element.isElementPresent(Element.java:438)
at com.logigear.testfw.element.Element.isElementPresent(Element.java:429)
at com.logigear.testfw.element.Element.isElementPresent(Element.java:438)
at com.logigear.testfw.element.Element.isElementPresent(Element.java:429)
at com.logigear.testfw.element.Element.isElementPresent(Element.java:438)
at com.logigear.testfw.element.Element.isElementPresent(Element.java:429)
at com.logigear.testfw.element.Element.isElementPresent(Element.java:438)
at com.logigear.testfw.element.Element.isElementPresent(Element.java:429)
at com.logigear.testfw.element.Element.isElementPresent(Element.java:438)
at com.logigear.testfw.element.Element.isElementPresent(Element.java:429)
at com.logigear.testfw.element.Element.isElementPresent(Element.java:438)
at com.logigear.testfw.element.Element.isElementPresent(Element.java:429)
at com.logigear.testfw.element.Element.isElementPresent(Element.java:438)
at com.logigear.testfw.element.Element.isElementPresent(Element.java:429)
at com.logigear.testfw.element.Element.isElementPresent(Element.java:438)
at com.logigear.testfw.element.Element.isElementPresent(Element.java:429)
at com.logigear.testfw.element.Element.isElementPresent(Element.java:438)
at com.logigear.testfw.element.Element.isElementPresent(Element.java:429)
at com.logigear.testfw.element.Element.isElementPresent(Element.java:438)
at com.logigear.testfw.element.Element.isElementPresent(Element.java:429)
at com.logigear.testfw.element.Element.isElementPresent(Element.java:438)
at com.logigear.testfw.element.Element.isElementPresent(Element.java:429)
at com.logigear.testfw.element.Element.isElementPresent(Element.java:438)
at com.logigear.testfw.element.Element.isElementPresent(Element.java:429)
at com.logigear.testfw.element.Element.isElementPresent(Element.java:438)
at com.logigear.testfw.element.Element.isElementPresent(Element.java:429)
at com.logigear.testfw.element.Element.isElementPresent(Element.java:438)
at com.logigear.testfw.element.Element.isElementPresent(Element.java:429)
at com.logigear.testfw.element.Element.isElementPresent(Element.java:438)
at com.logigear.testfw.element.Element.isElementPresent(Element.java:429)
at com.logigear.testfw.element.Element.isElementPresent(Element.java:438)
at com.logigear.testfw.element.Element.isElementPresent(Element.java:429)
at com.logigear.testfw.element.Element.isElementPresent(Element.java:438)
at com.logigear.testfw.element.Element.isElementPresent(Element.java:429)
at com.logigear.testfw.element.Element.isElementPresent(Element.java:438)
at com.logigear.testfw.element.Element.isElementPresent(Element.java:429)
at com.logigear.testfw.element.Element.isElementPresent(Element.java:438)
at com.logigear.testfw.element.Element.isElementPresent(Element.java:429)
at com.logigear.testfw.element.Element.isElementPresent(Element.java:438)
at com.logigear.testfw.element.Element.isElementPresent(Element.java:429)
at com.logigear.testfw.element.Element.isElementPresent(Element.java:438)
at com.logigear.testfw.element.Element.isElementPresent(Element.java:429)
at com.logigear.testfw.element.Element.isElementPresent(Element.java:438)
at com.logigear.testfw.element.Element.isElementPresent(Element.java:429)
at com.logigear.testfw.element.Element.isElementPresent(Element.java:438)
at com.logigear.testfw.element.Element.isElementPresent(Element.java:429)
at com.logigear.testfw.element.Element.isElementPresent(Element.java:438)
at com.logigear.testfw.element.Element.isElementPresent(Element.java:429)
at com.logigear.testfw.element.Element.isElementPresent(Element.java:438)
at com.logigear.testfw.element.Element.isElementPresent(Element.java:429)
at com.logigear.testfw.element.Element.isElementPresent(Element.java:438)
at com.logigear.testfw.element.Element.isElementPresent(Element.java:429)
at com.logigear.testfw.element.Element.isElementPresent(Element.java:438)
at com.logigear.testfw.element.Element.isElementPresent(Element.java:429)
at com.logigear.testfw.element.Element.isElementPresent(Element.java:438)
at com.logigear.testfw.element.Element.isElementPresent(Element.java:429)
at com.logigear.testfw.element.Element.isElementPresent(Element.java:438)
at com.logigear.testfw.element.Element.isElementPresent(Element.java:429)
at com.logigear.testfw.element.Element.isElementPresent(Element.java:438)
at com.logigear.testfw.element.Element.isElementPresent(Element.java:429)
at com.logigear.testfw.element.Element.isElementPresent(Element.java:438)
at com.logigear.testfw.element.Element.isElementPresent(Element.java:429)
at com.logigear.testfw.element.Element.isElementPresent(Element.java:438)
at com.logigear.testfw.element.Element.isElementPresent(Element.java:429)
at com.logigear.testfw.element.Element.isElementPresent(Element.java:438)
at com.logigear.testfw.element.Element.isElementPresent(Element.java:429)
at com.logigear.testfw.element.Element.isElementPresent(Element.java:438)
at com.logigear.testfw.element.Element.isElementPresent(Element.java:429)
at com.logigear.testfw.element.Element.isElementPresent(Element.java:438)
at com.logigear.testfw.element.Element.isElementPresent(Element.java:429)
at com.logigear.testfw.element.Element.isElementPresent(Element.java:438)
at com.logigear.testfw.element.Element.isElementPresent(Element.java:429)
at com.logigear.testfw.element.Element.isElementPresent(Element.java:438)
at com.logigear.testfw.element.Element.isElementPresent(Element.java:429)
at com.logigear.testfw.element.Element.isElementPresent(Element.java:438)
at com.logigear.testfw.element.Element.isElementPresent(Element.java:429)
at com.logigear.testfw.element.Element.isElementPresent(Element.java:438)
at com.logigear.testfw.element.Element.isElementPresent(Element.java:429)
at com.logigear.testfw.element.Element.isElementPresent(Element.java:438)
at com.logigear.testfw.element.Element.isElementPresent(Element.java:429)
at com.logigear.testfw.element.Element.isElementPresent(Element.java:438)
at com.logigear.testfw.element.Element.isElementPresent(Element.java:429)
at com.logigear.testfw.element.Element.isElementPresent(Element.java:438)
at com.logigear.testfw.element.Element.isElementPresent(Element.java:429)
at com.logigear.testfw.element.Element.isElementPresent(Element.java:438)
at com.logigear.testfw.element.Element.isElementPresent(Element.java:429)
at com.logigear.testfw.element.Element.isElementPresent(Element.java:438)
at com.logigear.testfw.element.Element.isElementPresent(Element.java:429)
at com.logigear.testfw.element.Element.isElementPresent(Element.java:438)
at com.logigear.testfw.element.Element.isElementPresent(Element.java:429)
at com.logigear.testfw.element.Element.isElementPresent(Element.java:438)
at com.logigear.testfw.element.Element.isElementPresent(Element.java:429)
at com.logigear.testfw.element.Element.isElementPresent(Element.java:438)
at com.logigear.testfw.element.Element.isElementPresent(Element.java:429)
at com.logigear.testfw.element.Element.isElementPresent(Element.java:438)
at com.logigear.testfw.element.Element.isElementPresent(Element.java:429)
at com.logigear.testfw.element.Element.isElementPresent(Element.java:438)
at com.logigear.testfw.element.Element.isElementPresent(Element.java:429)
at com.logigear.testfw.element.Element.isElementPresent(Element.java:438)
at com.logigear.testfw.element.Element.isElementPresent(Element.java:429)
at com.logigear.testfw.element.Element.isElementPresent(Element.java:438)
at com.logigear.testfw.element.Element.isElementPresent(Element.java:429)
at com.logigear.testfw.element.Element.isElementPresent(Element.java:438)
at com.logigear.testfw.element.Element.isElementPresent(Element.java:429)
at com.logigear.testfw.element.Element.isElementPresent(Element.java:438)
at com.logigear.testfw.element.Element.isElementPresent(Element.java:429)
at com.logigear.testfw.element.Element.isElementPresent(Element.java:438)
at com.logigear.testfw.element.Element.isElementPresent(Element.java:429)
at com.logigear.testfw.element.Element.isElementPresent(Element.java:438)
at com.logigear.testfw.element.Element.isElementPresent(Element.java:429)
at com.logigear.testfw.element.Element.isElementPresent(Element.java:438)
at com.logigear.testfw.element.Element.isElementPresent(Element.java:429)
at com.logigear.testfw.element.Element.isElementPresent(Element.java:438)
at com.logigear.testfw.element.Element.isElementPresent(Element.java:429)
at com.logigear.testfw.element.Element.isElementPresent(Element.java:438)
at com.logigear.testfw.element.Element.isElementPresent(Element.java:429)
at com.logigear.testfw.element.Element.isElementPresent(Element.java:438)
at com.logigear.testfw.element.Element.isElementPresent(Element.java:429)
at com.logigear.testfw.element.Element.isElementPresent(Element.java:438)
at com.logigear.testfw.element.Element.isElementPresent(Element.java:429)
at com.logigear.testfw.element.Element.isElementPresent(Element.java:438)
at com.logigear.testfw.element.Element.isElementPresent(Element.java:429)
at com.logigear.testfw.element.Element.isElementPresent(Element.java:438)
at com.logigear.testfw.element.Element.isElementPresent(Element.java:429)
at com.logigear.testfw.element.Element.isElementPresent(Element.java:438)
at com.logigear.testfw.element.Element.isElementPresent(Element.java:429)
at com.logigear.testfw.element.Element.isElementPresent(Element.java:438)
at com.logigear.testfw.element.Element.isElementPresent(Element.java:429)
at com.logigear.testfw.element.Element.isElementPresent(Element.java:438)
at com.logigear.testfw.element.Element.isElementPresent(Element.java:429)
at com.logigear.testfw.element.Element.isElementPresent(Element.java:438)
at com.logigear.testfw.element.Element.isElementPresent(Element.java:429)
at com.logigear.testfw.element.Element.isElementPresent(Element.java:438)
at com.logigear.testfw.element.Element.isElementPresent(Element.java:429)
at com.logigear.testfw.element.Element.isElementPresent(Element.java:438)
at com.logigear.testfw.element.Element.isElementPresent(Element.java:429)
at com.logigear.testfw.element.Element.isElementPresent(Element.java:438)
at com.logigear.testfw.element.Element.isElementPresent(Element.java:429)
at com.logigear.testfw.element.Element.isElementPresent(Element.java:438)
at com.logigear.testfw.element.Element.isElementPresent(Element.java:429)
at com.logigear.testfw.element.Element.isElementPresent(Element.java:438)
at com.logigear.testfw.element.Element.isElementPresent(Element.java:429)
at com.logigear.testfw.element.Element.isElementPresent(Element.java:438)
at com.logigear.testfw.element.Element.isElementPresent(Element.java:429)
at com.logigear.testfw.element.Element.isElementPresent(Element.java:438)
at com.logigear.testfw.element.Element.isElementPresent(Element.java:429)
at com.logigear.testfw.element.Element.isElementPresent(Element.java:438)
at com.logigear.testfw.element.Element.isElementPresent(Element.java:429)
at com.logigear.testfw.element.Element.isElementPresent(Element.java:438)
at com.logigear.testfw.element.Element.isElementPresent(Element.java:429)
at com.logigear.testfw.element.Element.isElementPresent(Element.java:438)
at com.logigear.testfw.element.Element.isElementPresent(Element.java:429)
at com.logigear.testfw.element.Element.isElementPresent(Element.java:438)
at com.logigear.testfw.element.Element.isElementPresent(Element.java:429)
at com.logigear.testfw.element.Element.isElementPresent(Element.java:438)
at com.logigear.testfw.element.Element.isElementPresent(Element.java:429)
at com.logigear.testfw.element.Element.isElementPresent(Element.java:438)
at com.logigear.testfw.element.Element.isElementPresent(Element.java:429)
at com.logigear.testfw.element.Element.isElementPresent(Element.java:438)
at com.logigear.testfw.element.Element.isElementPresent(Element.java:429)
at com.logigear.testfw.element.Element.isElementPresent(Element.java:438)
at com.logigear.testfw.element.Element.isElementPresent(Element.java:429)
at com.logigear.testfw.element.Element.isElementPresent(Element.java:438)
at com.logigear.testfw.element.Element.isElementPresent(Element.java:429)
at com.logigear.testfw.element.Element.isElementPresent(Element.java:438)
at com.logigear.testfw.element.Element.isElementPresent(Element.java:429)
at com.logigear.testfw.element.Element.isElementPresent(Element.java:438)
at com.logigear.testfw.element.Element.isElementPresent(Element.java:429)
at com.logigear.testfw.element.Element.isElementPresent(Element.java:438)
at com.logigear.testfw.element.Element.isElementPresent(Element.java:429)
at com.logigear.testfw.element.Element.isElementPresent(Element.java:438)
at com.logigear.testfw.element.Element.isElementPresent(Element.java:429)
at com.logigear.testfw.element.Element.isElementPresent(Element.java:438)
at com.logigear.testfw.element.Element.isElementPresent(Element.java:429)
at com.logigear.testfw.element.Element.isElementPresent(Element.java:438)
at com.logigear.testfw.element.Element.isElementPresent(Element.java:429)
at com.logigear.testfw.element.Element.isElementPresent(Element.java:438)
at com.logigear.testfw.element.Element.isElementPresent(Element.java:429)
at com.logigear.testfw.element.Element.isElementPresent(Element.java:438)
at com.logigear.testfw.element.Element.isElementPresent(Element.java:429)
at com.logigear.testfw.element.Element.isElementPresent(Element.java:438)
at com.logigear.testfw.element.Element.isElementPresent(Element.java:429)
at com.logigear.testfw.element.Element.isElementPresent(Element.java:438)
at com.logigear.testfw.element.Element.isElementPresent(Element.java:429)
at com.logigear.testfw.element.Element.isElementPresent(Element.java:438)
at com.logigear.testfw.element.Element.isElementPresent(Element.java:429)
at com.logigear.testfw.element.Element.isElementPresent(Element.java:438)
at com.logigear.testfw.element.Element.isElementPresent(Element.java:429)
at com.logigear.testfw.element.Element.isElementPresent(Element.java:438)
at com.logigear.testfw.element.Element.isElementPresent(Element.java:429)
at com.logigear.testfw.element.Element.isElementPresent(Element.java:438)
at com.logigear.testfw.element.Element.isElementPresent(Element.java:429)
at com.logigear.testfw.element.Element.isElementPresent(Element.java:438)
at com.logigear.testfw.element.Element.isElementPresent(Element.java:429)
at com.logigear.testfw.element.Element.isElementPresent(Element.java:438)
at com.logigear.testfw.element.Element.isElementPresent(Element.java:429)
at com.logigear.testfw.element.Element.isElementPresent(Element.java:438)
at com.logigear.testfw.element.Element.isElementPresent(Element.java:429)
at com.logigear.testfw.element.Element.isElementPresent(Element.java:438)
at com.logigear.testfw.element.Element.isElementPresent(Element.java:429)
at com.logigear.testfw.element.Element.isElementPresent(Element.java:438)
at com.logigear.testfw.element.Element.isElementPresent(Element.java:429)
at com.logigear.testfw.element.Element.isElementPresent(Element.java:438)
at com.logigear.testfw.element.Element.isElementPresent(Element.java:429)
at com.logigear.testfw.element.Element.isElementPresent(Element.java:438)
at com.logigear.testfw.element.Element.isElementPresent(Element.java:429)
at com.logigear.testfw.element.Element.isElementPresent(Element.java:438)
at com.logigear.testfw.element.Element.isElementPresent(Element.java:429)
at com.logigear.testfw.element.Element.isElementPresent(Element.java:438)
at com.logigear.testfw.element.Element.isElementPresent(Element.java:429)
at com.logigear.testfw.element.Element.isElementPresent(Element.java:438)
at com.logigear.testfw.element.Element.isElementPresent(Element.java:429)
at com.logigear.testfw.element.Element.isElementPresent(Element.java:438)
at com.logigear.testfw.element.Element.isElementPresent(Element.java:429)
at com.logigear.testfw.element.Element.isElementPresent(Element.java:438)
at com.logigear.testfw.element.Element.isElementPresent(Element.java:429)
at com.logigear.testfw.element.Element.isElementPresent(Element.java:438)
at com.logigear.testfw.element.Element.isElementPresent(Element.java:429)
at com.logigear.testfw.element.Element.isElementPresent(Element.java:438)
at com.logigear.testfw.element.Element.isElementPresent(Element.java:429)
at com.logigear.testfw.element.Element.isElementPresent(Element.java:438)
at com.logigear.testfw.element.Element.isElementPresent(Element.java:429)
at com.logigear.testfw.element.Element.isElementPresent(Element.java:438)
at com.logigear.testfw.element.Element.isElementPresent(Element.java:429)
at com.logigear.testfw.element.Element.isElementPresent(Element.java:438)
at com.logigear.testfw.element.Element.isElementPresent(Element.java:429)
at com.logigear.testfw.element.Element.isElementPresent(Element.java:438)
at com.logigear.testfw.element.Element.isElementPresent(Element.java:429)
at com.logigear.testfw.element.Element.isElementPresent(Element.java:438)
at com.logigear.testfw.element.Element.isElementPresent(Element.java:429)
at com.logigear.testfw.element.Element.isElementPresent(Element.java:438)
at com.logigear.testfw.element.Element.isElementPresent(Element.java:429)
at com.logigear.testfw.element.Element.isElementPresent(Element.java:438)
at com.logigear.testfw.element.Element.isElementPresent(Element.java:429)
at com.logigear.testfw.element.Element.isElementPresent(Element.java:438)
at com.logigear.testfw.element.Element.isElementPresent(Element.java:429)
at com.logigear.testfw.element.Element.isElementPresent(Element.java:438)
at com.logigear.testfw.element.Element.isElementPresent(Element.java:429)
at com.logigear.testfw.element.Element.isElementPresent(Element.java:438)
at com.logigear.testfw.element.Element.isElementPresent(Element.java:429)
at com.logigear.testfw.element.Element.isElementPresent(Element.java:438)
at com.logigear.testfw.element.Element.isElementPresent(Element.java:429)
at com.logigear.testfw.element.Element.isElementPresent(Element.java:438)
at com.logigear.testfw.element.Element.isElementPresent(Element.java:429)
at com.logigear.testfw.element.Element.isElementPresent(Element.java:438)
at com.logigear.testfw.element.Element.isElementPresent(Element.java:429)
at com.logigear.testfw.element.Element.isElementPresent(Element.java:438)
at com.logigear.testfw.element.Element.isElementPresent(Element.java:429)
at com.logigear.testfw.element.Element.isElementPresent(Element.java:438)
at com.logigear.testfw.element.Element.isElementPresent(Element.java:429)
at com.logigear.testfw.element.Element.isElementPresent(Element.java:438)
at com.logigear.testfw.element.Element.isElementPresent(Element.java:429)
at com.logigear.testfw.element.Element.isElementPresent(Element.java:438)
at com.logigear.testfw.element.Element.isElementPresent(Element.java:429)
at com.logigear.testfw.element.Element.isElementPresent(Element.java:438)
at com.logigear.testfw.element.Element.isElementPresent(Element.java:429)
at com.logigear.testfw.element.Element.isElementPresent(Element.java:438)
at com.logigear.testfw.element.Element.isElementPresent(Element.java:429)
at com.logigear.testfw.element.Element.isElementPresent(Element.java:438)
at com.logigear.testfw.element.Element.isElementPresent(Element.java:429)
at com.logigear.testfw.element.Element.isElementPresent(Element.java:438)
at com.logigear.testfw.element.Element.isElementPresent(Element.java:429)
at com.logigear.testfw.element.Element.isElementPresent(Element.java:438)
at com.logigear.testfw.element.Element.isElementPresent(Element.java:429)
at com.logigear.testfw.element.Element.isElementPresent(Element.java:438)
at com.logigear.testfw.element.Element.isElementPresent(Element.java:429)
at com.logigear.testfw.element.Element.isElementPresent(Element.java:438)
at com.logigear.testfw.element.Element.isElementPresent(Element.java:429)
at com.logigear.testfw.element.Element.isElementPresent(Element.java:438)
at com.logigear.testfw.element.Element.isElementPresent(Element.java:429)
at com.logigear.testfw.element.Element.isElementPresent(Element.java:438)
at com.logigear.testfw.element.Element.isElementPresent(Element.java:429)
at com.logigear.testfw.element.Element.isElementPresent(Element.java:438)
at com.logigear.testfw.element.Element.isElementPresent(Element.java:429)
at com.logigear.testfw.element.Element.isElementPresent(Element.java:438)
at com.logigear.testfw.element.Element.isElementPresent(Element.java:429)
at com.logigear.testfw.element.Element.isElementPresent(Element.java:438)
at com.logigear.testfw.element.Element.isElementPresent(Element.java:429)
at com.logigear.testfw.element.Element.isElementPresent(Element.java:438)
at com.logigear.testfw.element.Element.isElementPresent(Element.java:429)
at com.logigear.testfw.element.Element.isElementPresent(Element.java:438)
at com.logigear.testfw.element.Element.isElementPresent(Element.java:429)
at com.logigear.testfw.element.Element.isElementPresent(Element.java:438)
at com.logigear.testfw.element.Element.isElementPresent(Element.java:429)
at com.logigear.testfw.element.Element.isElementPresent(Element.java:438)
at com.logigear.testfw.element.Element.isElementPresent(Element.java:429)
at com.logigear.testfw.element.Element.isElementPresent(Element.java:438)
at com.logigear.testfw.element.Element.isElementPresent(Element.java:429)
at com.logigear.testfw.element.Element.isElementPresent(Element.java:438)
at com.logigear.testfw.element.Element.isElementPresent(Element.java:429)
at com.logigear.testfw.element.Element.isElementPresent(Element.java:438)
at com.logigear.testfw.element.Element.isElementPresent(Element.java:429)
at com.logigear.testfw.element.Element.isElementPresent(Element.java:438)
at com.logigear.testfw.element.Element.isElementPresent(Element.java:429)
at com.logigear.testfw.element.Element.isElementPresent(Element.java:438)
at com.logigear.testfw.element.Element.isElementPresent(Element.java:429)
at com.logigear.testfw.element.Element.isElementPresent(Element.java:438)
at com.logigear.testfw.element.Element.isElementPresent(Element.java:429)
at com.logigear.testfw.element.Element.isElementPresent(Element.java:438)
at com.logigear.testfw.element.Element.isElementPresent(Element.java:429)
at com.logigear.testfw.element.Element.isElementPresent(Element.java:438)
at com.logigear.testfw.element.Element.isElementPresent(Element.java:429)
at com.logigear.testfw.element.Element.isElementPresent(Element.java:438)
at com.logigear.testfw.element.Element.isElementPresent(Element.java:429)
at com.logigear.testfw.element.Element.isElementPresent(Element.java:438)
at com.logigear.testfw.element.Element.isElementPresent(Element.java:429)
at com.logigear.testfw.element.Element.isElementPresent(Element.java:438)
at com.logigear.testfw.element.Element.isElementPresent(Element.java:429)
at com.logigear.testfw.element.Element.isElementPresent(Element.java:438)
at com.logigear.testfw.element.Element.isElementPresent(Element.java:429)
at com.logigear.testfw.element.Element.isElementPresent(Element.java:438)
at com.logigear.testfw.element.Element.isElementPresent(Element.java:429)
at com.logigear.testfw.element.Element.isElementPresent(Element.java:438)
at com.logigear.testfw.element.Element.isElementPresent(Element.java:429)
at com.logigear.testfw.element.Element.isElementPresent(Element.java:438)
at com.logigear.testfw.element.Element.isElementPresent(Element.java:429)
at com.logigear.testfw.element.Element.isElementPresent(Element.java:438)
at com.logigear.testfw.element.Element.isElementPresent(Element.java:429)
at com.logigear.testfw.element.Element.isElementPresent(Element.java:438)
at com.logigear.testfw.element.Element.isElementPresent(Element.java:429)
at com.logigear.testfw.element.Element.isElementPresent(Element.java:438)
at com.logigear.testfw.element.Element.isElementPresent(Element.java:429)
at com.logigear.testfw.element.Element.isElementPresent(Element.java:438)
at com.logigear.testfw.element.Element.isElementPresent(Element.java:429)
at com.logigear.testfw.element.Element.isElementPresent(Element.java:438)
at com.logigear.testfw.element.Element.isElementPresent(Element.java:429)
at com.logigear.testfw.element.Element.isElementPresent(Element.java:438)
at com.logigear.testfw.element.Element.isElementPresent(Element.java:429)
at com.logigear.testfw.element.Element.isElementPresent(Element.java:438)
at com.logigear.testfw.element.Element.isElementPresent(Element.java:429)
at com.logigear.testfw.element.Element.isElementPresent(Element.java:438)
at com.logigear.testfw.element.Element.isElementPresent(Element.java:429)
at com.logigear.testfw.element.Element.isElementPresent(Element.java:438)
at com.logigear.testfw.element.Element.isElementPresent(Element.java:429)
at com.logigear.testfw.element.Element.isElementPresent(Element.java:438)
at com.logigear.testfw.element.Element.isElementPresent(Element.java:429)
at com.logigear.testfw.element.Element.isElementPresent(Element.java:438)
at com.logigear.testfw.element.Element.isElementPresent(Element.java:429)
at com.logigear.testfw.element.Element.isElementPresent(Element.java:438)
at com.logigear.testfw.element.Element.isElementPresent(Element.java:429)
at com.logigear.testfw.element.Element.isElementPresent(Element.java:438)
at com.logigear.testfw.element.Element.isElementPresent(Element.java:429)
at com.logigear.testfw.element.Element.isElementPresent(Element.java:438)
at com.logigear.testfw.element.Element.isElementPresent(Element.java:429)
at com.logigear.testfw.element.Element.isElementPresent(Element.java:438)
at com.logigear.testfw.element.Element.isElementPresent(Element.java:429)
at com.logigear.testfw.element.Element.isElementPresent(Element.java:438)
at com.logigear.testfw.element.Element.isElementPresent(Element.java:429)
at com.logigear.testfw.element.Element.isElementPresent(Element.java:438)
at com.logigear.testfw.element.Element.isElementPresent(Element.java:429)
at com.logigear.testfw.element.Element.isElementPresent(Element.java:438)
at com.logigear.testfw.element.Element.isElementPresent(Element.java:429)
at com.logigear.testfw.element.Element.isElementPresent(Element.java:438)
at com.logigear.testfw.element.Element.isElementPresent(Element.java:429)
at com.logigear.testfw.element.Element.isElementPresent(Element.java:438)
]]>
    </failure>
  </testcase> <!-- TC_TempTest2 -->
</testsuite> <!-- FirstTest -->
