<?xml version="1.0" encoding="UTF-8"?>
<testng-results skipped="0" failed="1" ignored="0" total="1" passed="0">
  <reporter-output>
  </reporter-output>
  <suite name="Suite" duration-ms="150958" started-at="2019-07-10T11:34:11Z" finished-at="2019-07-10T11:36:42Z">
    <groups>
    </groups>
    <test name="FirstTest" duration-ms="150958" started-at="2019-07-10T11:34:11Z" finished-at="2019-07-10T11:36:42Z">
      <class name="com.logigear.test.ta_dashboard.testcases.FoodyTCs.TempTest2">
        <test-method status="PASS" signature="beforeMethod(java.lang.String, java.lang.reflect.Method, org.testng.ITestContext)[pri:0, instance:com.logigear.test.ta_dashboard.testcases.FoodyTCs.TempTest2@6093dd95]" name="beforeMethod" is-config="true" duration-ms="13270" started-at="2019-07-10T11:34:11Z" finished-at="2019-07-10T11:34:24Z">
          <params>
            <param index="0">
              <value>
                <![CDATA[windows-chrome]]>
              </value>
            </param>
            <param index="1">
              <value>
                <![CDATA[public void com.logigear.test.ta_dashboard.testcases.FoodyTCs.TempTest2.TC_TempTest2()]]>
              </value>
            </param>
            <param index="2">
              <value>
                <![CDATA[org.testng.TestRunner@6c49835d]]>
              </value>
            </param>
          </params>
          <reporter-output>
          </reporter-output>
        </test-method> <!-- beforeMethod -->
        <test-method status="FAIL" signature="TC_TempTest2()[pri:0, instance:com.logigear.test.ta_dashboard.testcases.FoodyTCs.TempTest2@6093dd95]" name="TC_TempTest2" duration-ms="120419" started-at="2019-07-10T11:34:24Z" finished-at="2019-07-10T11:36:25Z">
          <exception class="java.lang.StackOverflowError">
            <full-stacktrace>
              <![CDATA[java.lang.StackOverflowError
at java.io.InputStream.<init>(Unknown Source)
at java.util.zip.ZipFile$ZipFileInputStream.<init>(Unknown Source)
at java.util.zip.ZipFile.getInputStream(Unknown Source)
at java.util.jar.JarFile.getInputStream(Unknown Source)
at sun.misc.URLClassPath$JarLoader$2.getInputStream(Unknown Source)
at sun.misc.Resource.cachedInputStream(Unknown Source)
at sun.misc.Resource.getByteBuffer(Unknown Source)
at java.net.URLClassLoader.defineClass(Unknown Source)
at java.net.URLClassLoader.access$100(Unknown Source)
at java.net.URLClassLoader$1.run(Unknown Source)
at java.net.URLClassLoader$1.run(Unknown Source)
at java.security.AccessController.doPrivileged(Native Method)
at java.net.URLClassLoader.findClass(Unknown Source)
at java.lang.ClassLoader.loadClass(Unknown Source)
at sun.misc.Launcher$AppClassLoader.loadClass(Unknown Source)
at java.lang.ClassLoader.loadClass(Unknown Source)
at org.openqa.selenium.support.ui.FluentWait.propagateIfNotIgnored(FluentWait.java:301)
at org.openqa.selenium.support.ui.FluentWait.until(FluentWait.java:270)
at com.logigear.testfw.driver.BaseDriver.waitForPresent(BaseDriver.java:85)
at com.logigear.testfw.element.BaseElement.waitForPresent(BaseElement.java:68)
at com.logigear.testfw.element.Element.isElementPresent(Element.java:428)
at com.logigear.testfw.element.Element.isElementPresent(Element.java:438)
at com.logigear.testfw.element.Element.isElementPresent(Element.java:429)
at com.logigear.testfw.element.Element.isElementPresent(Element.java:438)
at com.logigear.testfw.element.Element.isElementPresent(Element.java:429)
at com.logigear.testfw.element.Element.isElementPresent(Element.java:438)
at com.logigear.testfw.element.Element.isElementPresent(Element.java:429)
at com.logigear.testfw.element.Element.isElementPresent(Element.java:438)
at com.logigear.testfw.element.Element.isElementPresent(Element.java:429)
at com.logigear.testfw.element.Element.isElementPresent(Element.java:438)
at com.logigear.testfw.element.Element.isElementPresent(Element.java:429)
at com.logigear.testfw.element.Element.isElementPresent(Element.java:438)
at com.logigear.testfw.element.Element.isElementPresent(Element.java:429)
at com.logigear.testfw.element.Element.isElementPresent(Element.java:438)
at com.logigear.testfw.element.Element.isElementPresent(Element.java:429)
at com.logigear.testfw.element.Element.isElementPresent(Element.java:438)
at com.logigear.testfw.element.Element.isElementPresent(Element.java:429)
at com.logigear.testfw.element.Element.isElementPresent(Element.java:438)
at com.logigear.testfw.element.Element.isElementPresent(Element.java:429)
at com.logigear.testfw.element.Element.isElementPresent(Element.java:438)
at com.logigear.testfw.element.Element.isElementPresent(Element.java:429)
at com.logigear.testfw.element.Element.isElementPresent(Element.java:438)
at com.logigear.testfw.element.Element.isElementPresent(Element.java:429)
at com.logigear.testfw.element.Element.isElementPresent(Element.java:438)
at com.logigear.testfw.element.Element.isElementPresent(Element.java:429)
at com.logigear.testfw.element.Element.isElementPresent(Element.java:438)
at com.logigear.testfw.element.Element.isElementPresent(Element.java:429)
at com.logigear.testfw.element.Element.isElementPresent(Element.java:438)
at com.logigear.testfw.element.Element.isElementPresent(Element.java:429)
at com.logigear.testfw.element.Element.isElementPresent(Element.java:438)
at com.logigear.testfw.element.Element.isElementPresent(Element.java:429)
at com.logigear.testfw.element.Element.isElementPresent(Element.java:438)
at com.logigear.testfw.element.Element.isElementPresent(Element.java:429)
at com.logigear.testfw.element.Element.isElementPresent(Element.java:438)
at com.logigear.testfw.element.Element.isElementPresent(Element.java:429)
at com.logigear.testfw.element.Element.isElementPresent(Element.java:438)
at com.logigear.testfw.element.Element.isElementPresent(Element.java:429)
at com.logigear.testfw.element.Element.isElementPresent(Element.java:438)
at com.logigear.testfw.element.Element.isElementPresent(Element.java:429)
at com.logigear.testfw.element.Element.isElementPresent(Element.java:438)
at com.logigear.testfw.element.Element.isElementPresent(Element.java:429)
at com.logigear.testfw.element.Element.isElementPresent(Element.java:438)
at com.logigear.testfw.element.Element.isElementPresent(Element.java:429)
at com.logigear.testfw.element.Element.isElementPresent(Element.java:438)
at com.logigear.testfw.element.Element.isElementPresent(Element.java:429)
at com.logigear.testfw.element.Element.isElementPresent(Element.java:438)
at com.logigear.testfw.element.Element.isElementPresent(Element.java:429)
at com.logigear.testfw.element.Element.isElementPresent(Element.java:438)
at com.logigear.testfw.element.Element.isElementPresent(Element.java:429)
at com.logigear.testfw.element.Element.isElementPresent(Element.java:438)
at com.logigear.testfw.element.Element.isElementPresent(Element.java:429)
at com.logigear.testfw.element.Element.isElementPresent(Element.java:438)
at com.logigear.testfw.element.Element.isElementPresent(Element.java:429)
at com.logigear.testfw.element.Element.isElementPresent(Element.java:438)
at com.logigear.testfw.element.Element.isElementPresent(Element.java:429)
at com.logigear.testfw.element.Element.isElementPresent(Element.java:438)
at com.logigear.testfw.element.Element.isElementPresent(Element.java:429)
at com.logigear.testfw.element.Element.isElementPresent(Element.java:438)
at com.logigear.testfw.element.Element.isElementPresent(Element.java:429)
at com.logigear.testfw.element.Element.isElementPresent(Element.java:438)
at com.logigear.testfw.element.Element.isElementPresent(Element.java:429)
at com.logigear.testfw.element.Element.isElementPresent(Element.java:438)
at com.logigear.testfw.element.Element.isElementPresent(Element.java:429)
at com.logigear.testfw.element.Element.isElementPresent(Element.java:438)
at com.logigear.testfw.element.Element.isElementPresent(Element.java:429)
at com.logigear.testfw.element.Element.isElementPresent(Element.java:438)
at com.logigear.testfw.element.Element.isElementPresent(Element.java:429)
at com.logigear.testfw.element.Element.isElementPresent(Element.java:438)
at com.logigear.testfw.element.Element.isElementPresent(Element.java:429)
at com.logigear.testfw.element.Element.isElementPresent(Element.java:438)
at com.logigear.testfw.element.Element.isElementPresent(Element.java:429)
at com.logigear.testfw.element.Element.isElementPresent(Element.java:438)
at com.logigear.testfw.element.Element.isElementPresent(Element.java:429)
at com.logigear.testfw.element.Element.isElementPresent(Element.java:438)
at com.logigear.testfw.element.Element.isElementPresent(Element.java:429)
at com.logigear.testfw.element.Element.isElementPresent(Element.java:438)
at com.logigear.testfw.element.Element.isElementPresent(Element.java:429)
at com.logigear.testfw.element.Element.isElementPresent(Element.java:438)
at com.logigear.testfw.element.Element.isElementPresent(Element.java:429)
at com.logigear.testfw.element.Element.isElementPresent(Element.java:438)
at com.logigear.testfw.element.Element.isElementPresent(Element.java:429)
at com.logigear.testfw.element.Element.isElementPresent(Element.java:438)
at com.logigear.testfw.element.Element.isElementPresent(Element.java:429)
at com.logigear.testfw.element.Element.isElementPresent(Element.java:438)
at com.logigear.testfw.element.Element.isElementPresent(Element.java:429)
at com.logigear.testfw.element.Element.isElementPresent(Element.java:438)
at com.logigear.testfw.element.Element.isElementPresent(Element.java:429)
at com.logigear.testfw.element.Element.isElementPresent(Element.java:438)
at com.logigear.testfw.element.Element.isElementPresent(Element.java:429)
at com.logigear.testfw.element.Element.isElementPresent(Element.java:438)
at com.logigear.testfw.element.Element.isElementPresent(Element.java:429)
at com.logigear.testfw.element.Element.isElementPresent(Element.java:438)
at com.logigear.testfw.element.Element.isElementPresent(Element.java:429)
at com.logigear.testfw.element.Element.isElementPresent(Element.java:438)
at com.logigear.testfw.element.Element.isElementPresent(Element.java:429)
at com.logigear.testfw.element.Element.isElementPresent(Element.java:438)
at com.logigear.testfw.element.Element.isElementPresent(Element.java:429)
at com.logigear.testfw.element.Element.isElementPresent(Element.java:438)
at com.logigear.testfw.element.Element.isElementPresent(Element.java:429)
at com.logigear.testfw.element.Element.isElementPresent(Element.java:438)
at com.logigear.testfw.element.Element.isElementPresent(Element.java:429)
at com.logigear.testfw.element.Element.isElementPresent(Element.java:438)
at com.logigear.testfw.element.Element.isElementPresent(Element.java:429)
at com.logigear.testfw.element.Element.isElementPresent(Element.java:438)
at com.logigear.testfw.element.Element.isElementPresent(Element.java:429)
at com.logigear.testfw.element.Element.isElementPresent(Element.java:438)
at com.logigear.testfw.element.Element.isElementPresent(Element.java:429)
at com.logigear.testfw.element.Element.isElementPresent(Element.java:438)
at com.logigear.testfw.element.Element.isElementPresent(Element.java:429)
at com.logigear.testfw.element.Element.isElementPresent(Element.java:438)
at com.logigear.testfw.element.Element.isElementPresent(Element.java:429)
at com.logigear.testfw.element.Element.isElementPresent(Element.java:438)
at com.logigear.testfw.element.Element.isElementPresent(Element.java:429)
at com.logigear.testfw.element.Element.isElementPresent(Element.java:438)
at com.logigear.testfw.element.Element.isElementPresent(Element.java:429)
at com.logigear.testfw.element.Element.isElementPresent(Element.java:438)
at com.logigear.testfw.element.Element.isElementPresent(Element.java:429)
at com.logigear.testfw.element.Element.isElementPresent(Element.java:438)
at com.logigear.testfw.element.Element.isElementPresent(Element.java:429)
at com.logigear.testfw.element.Element.isElementPresent(Element.java:438)
at com.logigear.testfw.element.Element.isElementPresent(Element.java:429)
at com.logigear.testfw.element.Element.isElementPresent(Element.java:438)
at com.logigear.testfw.element.Element.isElementPresent(Element.java:429)
at com.logigear.testfw.element.Element.isElementPresent(Element.java:438)
at com.logigear.testfw.element.Element.isElementPresent(Element.java:429)
at com.logigear.testfw.element.Element.isElementPresent(Element.java:438)
at com.logigear.testfw.element.Element.isElementPresent(Element.java:429)
at com.logigear.testfw.element.Element.isElementPresent(Element.java:438)
at com.logigear.testfw.element.Element.isElementPresent(Element.java:429)
at com.logigear.testfw.element.Element.isElementPresent(Element.java:438)
at com.logigear.testfw.element.Element.isElementPresent(Element.java:429)
at com.logigear.testfw.element.Element.isElementPresent(Element.java:438)
at com.logigear.testfw.element.Element.isElementPresent(Element.java:429)
at com.logigear.testfw.element.Element.isElementPresent(Element.java:438)
at com.logigear.testfw.element.Element.isElementPresent(Element.java:429)
at com.logigear.testfw.element.Element.isElementPresent(Element.java:438)
at com.logigear.testfw.element.Element.isElementPresent(Element.java:429)
at com.logigear.testfw.element.Element.isElementPresent(Element.java:438)
at com.logigear.testfw.element.Element.isElementPresent(Element.java:429)
at com.logigear.testfw.element.Element.isElementPresent(Element.java:438)
at com.logigear.testfw.element.Element.isElementPresent(Element.java:429)
at com.logigear.testfw.element.Element.isElementPresent(Element.java:438)
at com.logigear.testfw.element.Element.isElementPresent(Element.java:429)
at com.logigear.testfw.element.Element.isElementPresent(Element.java:438)
at com.logigear.testfw.element.Element.isElementPresent(Element.java:429)
at com.logigear.testfw.element.Element.isElementPresent(Element.java:438)
at com.logigear.testfw.element.Element.isElementPresent(Element.java:429)
at com.logigear.testfw.element.Element.isElementPresent(Element.java:438)
at com.logigear.testfw.element.Element.isElementPresent(Element.java:429)
at com.logigear.testfw.element.Element.isElementPresent(Element.java:438)
at com.logigear.testfw.element.Element.isElementPresent(Element.java:429)
at com.logigear.testfw.element.Element.isElementPresent(Element.java:438)
at com.logigear.testfw.element.Element.isElementPresent(Element.java:429)
at com.logigear.testfw.element.Element.isElementPresent(Element.java:438)
at com.logigear.testfw.element.Element.isElementPresent(Element.java:429)
at com.logigear.testfw.element.Element.isElementPresent(Element.java:438)
at com.logigear.testfw.element.Element.isElementPresent(Element.java:429)
at com.logigear.testfw.element.Element.isElementPresent(Element.java:438)
at com.logigear.testfw.element.Element.isElementPresent(Element.java:429)
at com.logigear.testfw.element.Element.isElementPresent(Element.java:438)
at com.logigear.testfw.element.Element.isElementPresent(Element.java:429)
at com.logigear.testfw.element.Element.isElementPresent(Element.java:438)
at com.logigear.testfw.element.Element.isElementPresent(Element.java:429)
at com.logigear.testfw.element.Element.isElementPresent(Element.java:438)
at com.logigear.testfw.element.Element.isElementPresent(Element.java:429)
at com.logigear.testfw.element.Element.isElementPresent(Element.java:438)
at com.logigear.testfw.element.Element.isElementPresent(Element.java:429)
at com.logigear.testfw.element.Element.isElementPresent(Element.java:438)
at com.logigear.testfw.element.Element.isElementPresent(Element.java:429)
at com.logigear.testfw.element.Element.isElementPresent(Element.java:438)
at com.logigear.testfw.element.Element.isElementPresent(Element.java:429)
at com.logigear.testfw.element.Element.isElementPresent(Element.java:438)
at com.logigear.testfw.element.Element.isElementPresent(Element.java:429)
at com.logigear.testfw.element.Element.isElementPresent(Element.java:438)
at com.logigear.testfw.element.Element.isElementPresent(Element.java:429)
at com.logigear.testfw.element.Element.isElementPresent(Element.java:438)
at com.logigear.testfw.element.Element.isElementPresent(Element.java:429)
at com.logigear.testfw.element.Element.isElementPresent(Element.java:438)
at com.logigear.testfw.element.Element.isElementPresent(Element.java:429)
at com.logigear.testfw.element.Element.isElementPresent(Element.java:438)
at com.logigear.testfw.element.Element.isElementPresent(Element.java:429)
at com.logigear.testfw.element.Element.isElementPresent(Element.java:438)
at com.logigear.testfw.element.Element.isElementPresent(Element.java:429)
at com.logigear.testfw.element.Element.isElementPresent(Element.java:438)
at com.logigear.testfw.element.Element.isElementPresent(Element.java:429)
at com.logigear.testfw.element.Element.isElementPresent(Element.java:438)
at com.logigear.testfw.element.Element.isElementPresent(Element.java:429)
at com.logigear.testfw.element.Element.isElementPresent(Element.java:438)
at com.logigear.testfw.element.Element.isElementPresent(Element.java:429)
at com.logigear.testfw.element.Element.isElementPresent(Element.java:438)
at com.logigear.testfw.element.Element.isElementPresent(Element.java:429)
at com.logigear.testfw.element.Element.isElementPresent(Element.java:438)
at com.logigear.testfw.element.Element.isElementPresent(Element.java:429)
at com.logigear.testfw.element.Element.isElementPresent(Element.java:438)
at com.logigear.testfw.element.Element.isElementPresent(Element.java:429)
at com.logigear.testfw.element.Element.isElementPresent(Element.java:438)
at com.logigear.testfw.element.Element.isElementPresent(Element.java:429)
at com.logigear.testfw.element.Element.isElementPresent(Element.java:438)
at com.logigear.testfw.element.Element.isElementPresent(Element.java:429)
at com.logigear.testfw.element.Element.isElementPresent(Element.java:438)
at com.logigear.testfw.element.Element.isElementPresent(Element.java:429)
at com.logigear.testfw.element.Element.isElementPresent(Element.java:438)
at com.logigear.testfw.element.Element.isElementPresent(Element.java:429)
at com.logigear.testfw.element.Element.isElementPresent(Element.java:438)
at com.logigear.testfw.element.Element.isElementPresent(Element.java:429)
at com.logigear.testfw.element.Element.isElementPresent(Element.java:438)
at com.logigear.testfw.element.Element.isElementPresent(Element.java:429)
at com.logigear.testfw.element.Element.isElementPresent(Element.java:438)
at com.logigear.testfw.element.Element.isElementPresent(Element.java:429)
at com.logigear.testfw.element.Element.isElementPresent(Element.java:438)
at com.logigear.testfw.element.Element.isElementPresent(Element.java:429)
at com.logigear.testfw.element.Element.isElementPresent(Element.java:438)
at com.logigear.testfw.element.Element.isElementPresent(Element.java:429)
at com.logigear.testfw.element.Element.isElementPresent(Element.java:438)
at com.logigear.testfw.element.Element.isElementPresent(Element.java:429)
at com.logigear.testfw.element.Element.isElementPresent(Element.java:438)
at com.logigear.testfw.element.Element.isElementPresent(Element.java:429)
at com.logigear.testfw.element.Element.isElementPresent(Element.java:438)
at com.logigear.testfw.element.Element.isElementPresent(Element.java:429)
at com.logigear.testfw.element.Element.isElementPresent(Element.java:438)
at com.logigear.testfw.element.Element.isElementPresent(Element.java:429)
at com.logigear.testfw.element.Element.isElementPresent(Element.java:438)
at com.logigear.testfw.element.Element.isElementPresent(Element.java:429)
at com.logigear.testfw.element.Element.isElementPresent(Element.java:438)
at com.logigear.testfw.element.Element.isElementPresent(Element.java:429)
at com.logigear.testfw.element.Element.isElementPresent(Element.java:438)
at com.logigear.testfw.element.Element.isElementPresent(Element.java:429)
at com.logigear.testfw.element.Element.isElementPresent(Element.java:438)
at com.logigear.testfw.element.Element.isElementPresent(Element.java:429)
at com.logigear.testfw.element.Element.isElementPresent(Element.java:438)
at com.logigear.testfw.element.Element.isElementPresent(Element.java:429)
at com.logigear.testfw.element.Element.isElementPresent(Element.java:438)
at com.logigear.testfw.element.Element.isElementPresent(Element.java:429)
at com.logigear.testfw.element.Element.isElementPresent(Element.java:438)
at com.logigear.testfw.element.Element.isElementPresent(Element.java:429)
at com.logigear.testfw.element.Element.isElementPresent(Element.java:438)
at com.logigear.testfw.element.Element.isElementPresent(Element.java:429)
at com.logigear.testfw.element.Element.isElementPresent(Element.java:438)
at com.logigear.testfw.element.Element.isElementPresent(Element.java:429)
at com.logigear.testfw.element.Element.isElementPresent(Element.java:438)
at com.logigear.testfw.element.Element.isElementPresent(Element.java:429)
at com.logigear.testfw.element.Element.isElementPresent(Element.java:438)
at com.logigear.testfw.element.Element.isElementPresent(Element.java:429)
at com.logigear.testfw.element.Element.isElementPresent(Element.java:438)
at com.logigear.testfw.element.Element.isElementPresent(Element.java:429)
at com.logigear.testfw.element.Element.isElementPresent(Element.java:438)
at com.logigear.testfw.element.Element.isElementPresent(Element.java:429)
at com.logigear.testfw.element.Element.isElementPresent(Element.java:438)
at com.logigear.testfw.element.Element.isElementPresent(Element.java:429)
at com.logigear.testfw.element.Element.isElementPresent(Element.java:438)
at com.logigear.testfw.element.Element.isElementPresent(Element.java:429)
at com.logigear.testfw.element.Element.isElementPresent(Element.java:438)
at com.logigear.testfw.element.Element.isElementPresent(Element.java:429)
at com.logigear.testfw.element.Element.isElementPresent(Element.java:438)
at com.logigear.testfw.element.Element.isElementPresent(Element.java:429)
at com.logigear.testfw.element.Element.isElementPresent(Element.java:438)
at com.logigear.testfw.element.Element.isElementPresent(Element.java:429)
at com.logigear.testfw.element.Element.isElementPresent(Element.java:438)
at com.logigear.testfw.element.Element.isElementPresent(Element.java:429)
at com.logigear.testfw.element.Element.isElementPresent(Element.java:438)
at com.logigear.testfw.element.Element.isElementPresent(Element.java:429)
at com.logigear.testfw.element.Element.isElementPresent(Element.java:438)
at com.logigear.testfw.element.Element.isElementPresent(Element.java:429)
at com.logigear.testfw.element.Element.isElementPresent(Element.java:438)
at com.logigear.testfw.element.Element.isElementPresent(Element.java:429)
at com.logigear.testfw.element.Element.isElementPresent(Element.java:438)
at com.logigear.testfw.element.Element.isElementPresent(Element.java:429)
at com.logigear.testfw.element.Element.isElementPresent(Element.java:438)
at com.logigear.testfw.element.Element.isElementPresent(Element.java:429)
at com.logigear.testfw.element.Element.isElementPresent(Element.java:438)
at com.logigear.testfw.element.Element.isElementPresent(Element.java:429)
at com.logigear.testfw.element.Element.isElementPresent(Element.java:438)
at com.logigear.testfw.element.Element.isElementPresent(Element.java:429)
at com.logigear.testfw.element.Element.isElementPresent(Element.java:438)
at com.logigear.testfw.element.Element.isElementPresent(Element.java:429)
at com.logigear.testfw.element.Element.isElementPresent(Element.java:438)
at com.logigear.testfw.element.Element.isElementPresent(Element.java:429)
at com.logigear.testfw.element.Element.isElementPresent(Element.java:438)
at com.logigear.testfw.element.Element.isElementPresent(Element.java:429)
at com.logigear.testfw.element.Element.isElementPresent(Element.java:438)
at com.logigear.testfw.element.Element.isElementPresent(Element.java:429)
at com.logigear.testfw.element.Element.isElementPresent(Element.java:438)
at com.logigear.testfw.element.Element.isElementPresent(Element.java:429)
at com.logigear.testfw.element.Element.isElementPresent(Element.java:438)
at com.logigear.testfw.element.Element.isElementPresent(Element.java:429)
at com.logigear.testfw.element.Element.isElementPresent(Element.java:438)
at com.logigear.testfw.element.Element.isElementPresent(Element.java:429)
at com.logigear.testfw.element.Element.isElementPresent(Element.java:438)
at com.logigear.testfw.element.Element.isElementPresent(Element.java:429)
at com.logigear.testfw.element.Element.isElementPresent(Element.java:438)
at com.logigear.testfw.element.Element.isElementPresent(Element.java:429)
at com.logigear.testfw.element.Element.isElementPresent(Element.java:438)
at com.logigear.testfw.element.Element.isElementPresent(Element.java:429)
at com.logigear.testfw.element.Element.isElementPresent(Element.java:438)
at com.logigear.testfw.element.Element.isElementPresent(Element.java:429)
at com.logigear.testfw.element.Element.isElementPresent(Element.java:438)
at com.logigear.testfw.element.Element.isElementPresent(Element.java:429)
at com.logigear.testfw.element.Element.isElementPresent(Element.java:438)
at com.logigear.testfw.element.Element.isElementPresent(Element.java:429)
at com.logigear.testfw.element.Element.isElementPresent(Element.java:438)
at com.logigear.testfw.element.Element.isElementPresent(Element.java:429)
at com.logigear.testfw.element.Element.isElementPresent(Element.java:438)
at com.logigear.testfw.element.Element.isElementPresent(Element.java:429)
at com.logigear.testfw.element.Element.isElementPresent(Element.java:438)
at com.logigear.testfw.element.Element.isElementPresent(Element.java:429)
at com.logigear.testfw.element.Element.isElementPresent(Element.java:438)
at com.logigear.testfw.element.Element.isElementPresent(Element.java:429)
at com.logigear.testfw.element.Element.isElementPresent(Element.java:438)
at com.logigear.testfw.element.Element.isElementPresent(Element.java:429)
at com.logigear.testfw.element.Element.isElementPresent(Element.java:438)
at com.logigear.testfw.element.Element.isElementPresent(Element.java:429)
at com.logigear.testfw.element.Element.isElementPresent(Element.java:438)
at com.logigear.testfw.element.Element.isElementPresent(Element.java:429)
at com.logigear.testfw.element.Element.isElementPresent(Element.java:438)
at com.logigear.testfw.element.Element.isElementPresent(Element.java:429)
at com.logigear.testfw.element.Element.isElementPresent(Element.java:438)
at com.logigear.testfw.element.Element.isElementPresent(Element.java:429)
at com.logigear.testfw.element.Element.isElementPresent(Element.java:438)
at com.logigear.testfw.element.Element.isElementPresent(Element.java:429)
at com.logigear.testfw.element.Element.isElementPresent(Element.java:438)
at com.logigear.testfw.element.Element.isElementPresent(Element.java:429)
at com.logigear.testfw.element.Element.isElementPresent(Element.java:438)
at com.logigear.testfw.element.Element.isElementPresent(Element.java:429)
at com.logigear.testfw.element.Element.isElementPresent(Element.java:438)
at com.logigear.testfw.element.Element.isElementPresent(Element.java:429)
at com.logigear.testfw.element.Element.isElementPresent(Element.java:438)
at com.logigear.testfw.element.Element.isElementPresent(Element.java:429)
at com.logigear.testfw.element.Element.isElementPresent(Element.java:438)
at com.logigear.testfw.element.Element.isElementPresent(Element.java:429)
at com.logigear.testfw.element.Element.isElementPresent(Element.java:438)
at com.logigear.testfw.element.Element.isElementPresent(Element.java:429)
at com.logigear.testfw.element.Element.isElementPresent(Element.java:438)
at com.logigear.testfw.element.Element.isElementPresent(Element.java:429)
at com.logigear.testfw.element.Element.isElementPresent(Element.java:438)
at com.logigear.testfw.element.Element.isElementPresent(Element.java:429)
at com.logigear.testfw.element.Element.isElementPresent(Element.java:438)
at com.logigear.testfw.element.Element.isElementPresent(Element.java:429)
at com.logigear.testfw.element.Element.isElementPresent(Element.java:438)
at com.logigear.testfw.element.Element.isElementPresent(Element.java:429)
at com.logigear.testfw.element.Element.isElementPresent(Element.java:438)
at com.logigear.testfw.element.Element.isElementPresent(Element.java:429)
at com.logigear.testfw.element.Element.isElementPresent(Element.java:438)
at com.logigear.testfw.element.Element.isElementPresent(Element.java:429)
at com.logigear.testfw.element.Element.isElementPresent(Element.java:438)
at com.logigear.testfw.element.Element.isElementPresent(Element.java:429)
at com.logigear.testfw.element.Element.isElementPresent(Element.java:438)
at com.logigear.testfw.element.Element.isElementPresent(Element.java:429)
at com.logigear.testfw.element.Element.isElementPresent(Element.java:438)
at com.logigear.testfw.element.Element.isElementPresent(Element.java:429)
at com.logigear.testfw.element.Element.isElementPresent(Element.java:438)
at com.logigear.testfw.element.Element.isElementPresent(Element.java:429)
at com.logigear.testfw.element.Element.isElementPresent(Element.java:438)
at com.logigear.testfw.element.Element.isElementPresent(Element.java:429)
at com.logigear.testfw.element.Element.isElementPresent(Element.java:438)
at com.logigear.testfw.element.Element.isElementPresent(Element.java:429)
at com.logigear.testfw.element.Element.isElementPresent(Element.java:438)
at com.logigear.testfw.element.Element.isElementPresent(Element.java:429)
at com.logigear.testfw.element.Element.isElementPresent(Element.java:438)
at com.logigear.testfw.element.Element.isElementPresent(Element.java:429)
at com.logigear.testfw.element.Element.isElementPresent(Element.java:438)
at com.logigear.testfw.element.Element.isElementPresent(Element.java:429)
at com.logigear.testfw.element.Element.isElementPresent(Element.java:438)
at com.logigear.testfw.element.Element.isElementPresent(Element.java:429)
at com.logigear.testfw.element.Element.isElementPresent(Element.java:438)
at com.logigear.testfw.element.Element.isElementPresent(Element.java:429)
at com.logigear.testfw.element.Element.isElementPresent(Element.java:438)
at com.logigear.testfw.element.Element.isElementPresent(Element.java:429)
at com.logigear.testfw.element.Element.isElementPresent(Element.java:438)
at com.logigear.testfw.element.Element.isElementPresent(Element.java:429)
at com.logigear.testfw.element.Element.isElementPresent(Element.java:438)
at com.logigear.testfw.element.Element.isElementPresent(Element.java:429)
at com.logigear.testfw.element.Element.isElementPresent(Element.java:438)
at com.logigear.testfw.element.Element.isElementPresent(Element.java:429)
at com.logigear.testfw.element.Element.isElementPresent(Element.java:438)
at com.logigear.testfw.element.Element.isElementPresent(Element.java:429)
at com.logigear.testfw.element.Element.isElementPresent(Element.java:438)
at com.logigear.testfw.element.Element.isElementPresent(Element.java:429)
at com.logigear.testfw.element.Element.isElementPresent(Element.java:438)
at com.logigear.testfw.element.Element.isElementPresent(Element.java:429)
at com.logigear.testfw.element.Element.isElementPresent(Element.java:438)
at com.logigear.testfw.element.Element.isElementPresent(Element.java:429)
at com.logigear.testfw.element.Element.isElementPresent(Element.java:438)
at com.logigear.testfw.element.Element.isElementPresent(Element.java:429)
at com.logigear.testfw.element.Element.isElementPresent(Element.java:438)
at com.logigear.testfw.element.Element.isElementPresent(Element.java:429)
at com.logigear.testfw.element.Element.isElementPresent(Element.java:438)
at com.logigear.testfw.element.Element.isElementPresent(Element.java:429)
at com.logigear.testfw.element.Element.isElementPresent(Element.java:438)
at com.logigear.testfw.element.Element.isElementPresent(Element.java:429)
at com.logigear.testfw.element.Element.isElementPresent(Element.java:438)
at com.logigear.testfw.element.Element.isElementPresent(Element.java:429)
at com.logigear.testfw.element.Element.isElementPresent(Element.java:438)
at com.logigear.testfw.element.Element.isElementPresent(Element.java:429)
at com.logigear.testfw.element.Element.isElementPresent(Element.java:438)
at com.logigear.testfw.element.Element.isElementPresent(Element.java:429)
at com.logigear.testfw.element.Element.isElementPresent(Element.java:438)
at com.logigear.testfw.element.Element.isElementPresent(Element.java:429)
at com.logigear.testfw.element.Element.isElementPresent(Element.java:438)
at com.logigear.testfw.element.Element.isElementPresent(Element.java:429)
at com.logigear.testfw.element.Element.isElementPresent(Element.java:438)
at com.logigear.testfw.element.Element.isElementPresent(Element.java:429)
at com.logigear.testfw.element.Element.isElementPresent(Element.java:438)
at com.logigear.testfw.element.Element.isElementPresent(Element.java:429)
at com.logigear.testfw.element.Element.isElementPresent(Element.java:438)
at com.logigear.testfw.element.Element.isElementPresent(Element.java:429)
at com.logigear.testfw.element.Element.isElementPresent(Element.java:438)
at com.logigear.testfw.element.Element.isElementPresent(Element.java:429)
at com.logigear.testfw.element.Element.isElementPresent(Element.java:438)
at com.logigear.testfw.element.Element.isElementPresent(Element.java:429)
at com.logigear.testfw.element.Element.isElementPresent(Element.java:438)
at com.logigear.testfw.element.Element.isElementPresent(Element.java:429)
at com.logigear.testfw.element.Element.isElementPresent(Element.java:438)
at com.logigear.testfw.element.Element.isElementPresent(Element.java:429)
at com.logigear.testfw.element.Element.isElementPresent(Element.java:438)
at com.logigear.testfw.element.Element.isElementPresent(Element.java:429)
at com.logigear.testfw.element.Element.isElementPresent(Element.java:438)
at com.logigear.testfw.element.Element.isElementPresent(Element.java:429)
at com.logigear.testfw.element.Element.isElementPresent(Element.java:438)
at com.logigear.testfw.element.Element.isElementPresent(Element.java:429)
at com.logigear.testfw.element.Element.isElementPresent(Element.java:438)
at com.logigear.testfw.element.Element.isElementPresent(Element.java:429)
at com.logigear.testfw.element.Element.isElementPresent(Element.java:438)
at com.logigear.testfw.element.Element.isElementPresent(Element.java:429)
at com.logigear.testfw.element.Element.isElementPresent(Element.java:438)
at com.logigear.testfw.element.Element.isElementPresent(Element.java:429)
at com.logigear.testfw.element.Element.isElementPresent(Element.java:438)
at com.logigear.testfw.element.Element.isElementPresent(Element.java:429)
at com.logigear.testfw.element.Element.isElementPresent(Element.java:438)
at com.logigear.testfw.element.Element.isElementPresent(Element.java:429)
at com.logigear.testfw.element.Element.isElementPresent(Element.java:438)
at com.logigear.testfw.element.Element.isElementPresent(Element.java:429)
at com.logigear.testfw.element.Element.isElementPresent(Element.java:438)
at com.logigear.testfw.element.Element.isElementPresent(Element.java:429)
at com.logigear.testfw.element.Element.isElementPresent(Element.java:438)
at com.logigear.testfw.element.Element.isElementPresent(Element.java:429)
at com.logigear.testfw.element.Element.isElementPresent(Element.java:438)
at com.logigear.testfw.element.Element.isElementPresent(Element.java:429)
at com.logigear.testfw.element.Element.isElementPresent(Element.java:438)
at com.logigear.testfw.element.Element.isElementPresent(Element.java:429)
at com.logigear.testfw.element.Element.isElementPresent(Element.java:438)
at com.logigear.testfw.element.Element.isElementPresent(Element.java:429)
at com.logigear.testfw.element.Element.isElementPresent(Element.java:438)
at com.logigear.testfw.element.Element.isElementPresent(Element.java:429)
at com.logigear.testfw.element.Element.isElementPresent(Element.java:438)
at com.logigear.testfw.element.Element.isElementPresent(Element.java:429)
at com.logigear.testfw.element.Element.isElementPresent(Element.java:438)
at com.logigear.testfw.element.Element.isElementPresent(Element.java:429)
at com.logigear.testfw.element.Element.isElementPresent(Element.java:438)
at com.logigear.testfw.element.Element.isElementPresent(Element.java:429)
at com.logigear.testfw.element.Element.isElementPresent(Element.java:438)
at com.logigear.testfw.element.Element.isElementPresent(Element.java:429)
at com.logigear.testfw.element.Element.isElementPresent(Element.java:438)
at com.logigear.testfw.element.Element.isElementPresent(Element.java:429)
at com.logigear.testfw.element.Element.isElementPresent(Element.java:438)
at com.logigear.testfw.element.Element.isElementPresent(Element.java:429)
at com.logigear.testfw.element.Element.isElementPresent(Element.java:438)
at com.logigear.testfw.element.Element.isElementPresent(Element.java:429)
at com.logigear.testfw.element.Element.isElementPresent(Element.java:438)
at com.logigear.testfw.element.Element.isElementPresent(Element.java:429)
at com.logigear.testfw.element.Element.isElementPresent(Element.java:438)
at com.logigear.testfw.element.Element.isElementPresent(Element.java:429)
at com.logigear.testfw.element.Element.isElementPresent(Element.java:438)
at com.logigear.testfw.element.Element.isElementPresent(Element.java:429)
at com.logigear.testfw.element.Element.isElementPresent(Element.java:438)
at com.logigear.testfw.element.Element.isElementPresent(Element.java:429)
at com.logigear.testfw.element.Element.isElementPresent(Element.java:438)
at com.logigear.testfw.element.Element.isElementPresent(Element.java:429)
at com.logigear.testfw.element.Element.isElementPresent(Element.java:438)
at com.logigear.testfw.element.Element.isElementPresent(Element.java:429)
at com.logigear.testfw.element.Element.isElementPresent(Element.java:438)
at com.logigear.testfw.element.Element.isElementPresent(Element.java:429)
at com.logigear.testfw.element.Element.isElementPresent(Element.java:438)
at com.logigear.testfw.element.Element.isElementPresent(Element.java:429)
at com.logigear.testfw.element.Element.isElementPresent(Element.java:438)
at com.logigear.testfw.element.Element.isElementPresent(Element.java:429)
at com.logigear.testfw.element.Element.isElementPresent(Element.java:438)
at com.logigear.testfw.element.Element.isElementPresent(Element.java:429)
at com.logigear.testfw.element.Element.isElementPresent(Element.java:438)
at com.logigear.testfw.element.Element.isElementPresent(Element.java:429)
at com.logigear.testfw.element.Element.isElementPresent(Element.java:438)
at com.logigear.testfw.element.Element.isElementPresent(Element.java:429)
at com.logigear.testfw.element.Element.isElementPresent(Element.java:438)
at com.logigear.testfw.element.Element.isElementPresent(Element.java:429)
at com.logigear.testfw.element.Element.isElementPresent(Element.java:438)
at com.logigear.testfw.element.Element.isElementPresent(Element.java:429)
at com.logigear.testfw.element.Element.isElementPresent(Element.java:438)
at com.logigear.testfw.element.Element.isElementPresent(Element.java:429)
at com.logigear.testfw.element.Element.isElementPresent(Element.java:438)
at com.logigear.testfw.element.Element.isElementPresent(Element.java:429)
at com.logigear.testfw.element.Element.isElementPresent(Element.java:438)
at com.logigear.testfw.element.Element.isElementPresent(Element.java:429)
at com.logigear.testfw.element.Element.isElementPresent(Element.java:438)
at com.logigear.testfw.element.Element.isElementPresent(Element.java:429)
at com.logigear.testfw.element.Element.isElementPresent(Element.java:438)
at com.logigear.testfw.element.Element.isElementPresent(Element.java:429)
at com.logigear.testfw.element.Element.isElementPresent(Element.java:438)
at com.logigear.testfw.element.Element.isElementPresent(Element.java:429)
at com.logigear.testfw.element.Element.isElementPresent(Element.java:438)
at com.logigear.testfw.element.Element.isElementPresent(Element.java:429)
at com.logigear.testfw.element.Element.isElementPresent(Element.java:438)
at com.logigear.testfw.element.Element.isElementPresent(Element.java:429)
at com.logigear.testfw.element.Element.isElementPresent(Element.java:438)
at com.logigear.testfw.element.Element.isElementPresent(Element.java:429)
at com.logigear.testfw.element.Element.isElementPresent(Element.java:438)
at com.logigear.testfw.element.Element.isElementPresent(Element.java:429)
at com.logigear.testfw.element.Element.isElementPresent(Element.java:438)
at com.logigear.testfw.element.Element.isElementPresent(Element.java:429)
at com.logigear.testfw.element.Element.isElementPresent(Element.java:438)
at com.logigear.testfw.element.Element.isElementPresent(Element.java:429)
at com.logigear.testfw.element.Element.isElementPresent(Element.java:438)
at com.logigear.testfw.element.Element.isElementPresent(Element.java:429)
at com.logigear.testfw.element.Element.isElementPresent(Element.java:438)
at com.logigear.testfw.element.Element.isElementPresent(Element.java:429)
at com.logigear.testfw.element.Element.isElementPresent(Element.java:438)
at com.logigear.testfw.element.Element.isElementPresent(Element.java:429)
at com.logigear.testfw.element.Element.isElementPresent(Element.java:438)
at com.logigear.testfw.element.Element.isElementPresent(Element.java:429)
at com.logigear.testfw.element.Element.isElementPresent(Element.java:438)
at com.logigear.testfw.element.Element.isElementPresent(Element.java:429)
at com.logigear.testfw.element.Element.isElementPresent(Element.java:438)
at com.logigear.testfw.element.Element.isElementPresent(Element.java:429)
at com.logigear.testfw.element.Element.isElementPresent(Element.java:438)
at com.logigear.testfw.element.Element.isElementPresent(Element.java:429)
at com.logigear.testfw.element.Element.isElementPresent(Element.java:438)
at com.logigear.testfw.element.Element.isElementPresent(Element.java:429)
at com.logigear.testfw.element.Element.isElementPresent(Element.java:438)
at com.logigear.testfw.element.Element.isElementPresent(Element.java:429)
at com.logigear.testfw.element.Element.isElementPresent(Element.java:438)
at com.logigear.testfw.element.Element.isElementPresent(Element.java:429)
at com.logigear.testfw.element.Element.isElementPresent(Element.java:438)
at com.logigear.testfw.element.Element.isElementPresent(Element.java:429)
at com.logigear.testfw.element.Element.isElementPresent(Element.java:438)
at com.logigear.testfw.element.Element.isElementPresent(Element.java:429)
at com.logigear.testfw.element.Element.isElementPresent(Element.java:438)
at com.logigear.testfw.element.Element.isElementPresent(Element.java:429)
at com.logigear.testfw.element.Element.isElementPresent(Element.java:438)
at com.logigear.testfw.element.Element.isElementPresent(Element.java:429)
at com.logigear.testfw.element.Element.isElementPresent(Element.java:438)
at com.logigear.testfw.element.Element.isElementPresent(Element.java:429)
at com.logigear.testfw.element.Element.isElementPresent(Element.java:438)
at com.logigear.testfw.element.Element.isElementPresent(Element.java:429)
at com.logigear.testfw.element.Element.isElementPresent(Element.java:438)
at com.logigear.testfw.element.Element.isElementPresent(Element.java:429)
at com.logigear.testfw.element.Element.isElementPresent(Element.java:438)
at com.logigear.testfw.element.Element.isElementPresent(Element.java:429)
at com.logigear.testfw.element.Element.isElementPresent(Element.java:438)
at com.logigear.testfw.element.Element.isElementPresent(Element.java:429)
at com.logigear.testfw.element.Element.isElementPresent(Element.java:438)
at com.logigear.testfw.element.Element.isElementPresent(Element.java:429)
at com.logigear.testfw.element.Element.isElementPresent(Element.java:438)
at com.logigear.testfw.element.Element.isElementPresent(Element.java:429)
at com.logigear.testfw.element.Element.isElementPresent(Element.java:438)
at com.logigear.testfw.element.Element.isElementPresent(Element.java:429)
at com.logigear.testfw.element.Element.isElementPresent(Element.java:438)
at com.logigear.testfw.element.Element.isElementPresent(Element.java:429)
at com.logigear.testfw.element.Element.isElementPresent(Element.java:438)
at com.logigear.testfw.element.Element.isElementPresent(Element.java:429)
at com.logigear.testfw.element.Element.isElementPresent(Element.java:438)
at com.logigear.testfw.element.Element.isElementPresent(Element.java:429)
at com.logigear.testfw.element.Element.isElementPresent(Element.java:438)
at com.logigear.testfw.element.Element.isElementPresent(Element.java:429)
at com.logigear.testfw.element.Element.isElementPresent(Element.java:438)
at com.logigear.testfw.element.Element.isElementPresent(Element.java:429)
at com.logigear.testfw.element.Element.isElementPresent(Element.java:438)
at com.logigear.testfw.element.Element.isElementPresent(Element.java:429)
at com.logigear.testfw.element.Element.isElementPresent(Element.java:438)
at com.logigear.testfw.element.Element.isElementPresent(Element.java:429)
at com.logigear.testfw.element.Element.isElementPresent(Element.java:438)
at com.logigear.testfw.element.Element.isElementPresent(Element.java:429)
at com.logigear.testfw.element.Element.isElementPresent(Element.java:438)
at com.logigear.testfw.element.Element.isElementPresent(Element.java:429)
at com.logigear.testfw.element.Element.isElementPresent(Element.java:438)
at com.logigear.testfw.element.Element.isElementPresent(Element.java:429)
at com.logigear.testfw.element.Element.isElementPresent(Element.java:438)
at com.logigear.testfw.element.Element.isElementPresent(Element.java:429)
at com.logigear.testfw.element.Element.isElementPresent(Element.java:438)
at com.logigear.testfw.element.Element.isElementPresent(Element.java:429)
at com.logigear.testfw.element.Element.isElementPresent(Element.java:438)
at com.logigear.testfw.element.Element.isElementPresent(Element.java:429)
at com.logigear.testfw.element.Element.isElementPresent(Element.java:438)
at com.logigear.testfw.element.Element.isElementPresent(Element.java:429)
at com.logigear.testfw.element.Element.isElementPresent(Element.java:438)
at com.logigear.testfw.element.Element.isElementPresent(Element.java:429)
at com.logigear.testfw.element.Element.isElementPresent(Element.java:438)
at com.logigear.testfw.element.Element.isElementPresent(Element.java:429)
at com.logigear.testfw.element.Element.isElementPresent(Element.java:438)
at com.logigear.testfw.element.Element.isElementPresent(Element.java:429)
at com.logigear.testfw.element.Element.isElementPresent(Element.java:438)
at com.logigear.testfw.element.Element.isElementPresent(Element.java:429)
at com.logigear.testfw.element.Element.isElementPresent(Element.java:438)
at com.logigear.testfw.element.Element.isElementPresent(Element.java:429)
at com.logigear.testfw.element.Element.isElementPresent(Element.java:438)
at com.logigear.testfw.element.Element.isElementPresent(Element.java:429)
at com.logigear.testfw.element.Element.isElementPresent(Element.java:438)
at com.logigear.testfw.element.Element.isElementPresent(Element.java:429)
at com.logigear.testfw.element.Element.isElementPresent(Element.java:438)
at com.logigear.testfw.element.Element.isElementPresent(Element.java:429)
at com.logigear.testfw.element.Element.isElementPresent(Element.java:438)
at com.logigear.testfw.element.Element.isElementPresent(Element.java:429)
at com.logigear.testfw.element.Element.isElementPresent(Element.java:438)
at com.logigear.testfw.element.Element.isElementPresent(Element.java:429)
at com.logigear.testfw.element.Element.isElementPresent(Element.java:438)
at com.logigear.testfw.element.Element.isElementPresent(Element.java:429)
at com.logigear.testfw.element.Element.isElementPresent(Element.java:438)
at com.logigear.testfw.element.Element.isElementPresent(Element.java:429)
at com.logigear.testfw.element.Element.isElementPresent(Element.java:438)
at com.logigear.testfw.element.Element.isElementPresent(Element.java:429)
at com.logigear.testfw.element.Element.isElementPresent(Element.java:438)
at com.logigear.testfw.element.Element.isElementPresent(Element.java:429)
at com.logigear.testfw.element.Element.isElementPresent(Element.java:438)
at com.logigear.testfw.element.Element.isElementPresent(Element.java:429)
at com.logigear.testfw.element.Element.isElementPresent(Element.java:438)
at com.logigear.testfw.element.Element.isElementPresent(Element.java:429)
at com.logigear.testfw.element.Element.isElementPresent(Element.java:438)
at com.logigear.testfw.element.Element.isElementPresent(Element.java:429)
at com.logigear.testfw.element.Element.isElementPresent(Element.java:438)
at com.logigear.testfw.element.Element.isElementPresent(Element.java:429)
at com.logigear.testfw.element.Element.isElementPresent(Element.java:438)
at com.logigear.testfw.element.Element.isElementPresent(Element.java:429)
at com.logigear.testfw.element.Element.isElementPresent(Element.java:438)
at com.logigear.testfw.element.Element.isElementPresent(Element.java:429)
at com.logigear.testfw.element.Element.isElementPresent(Element.java:438)
at com.logigear.testfw.element.Element.isElementPresent(Element.java:429)
at com.logigear.testfw.element.Element.isElementPresent(Element.java:438)
at com.logigear.testfw.element.Element.isElementPresent(Element.java:429)
at com.logigear.testfw.element.Element.isElementPresent(Element.java:438)
at com.logigear.testfw.element.Element.isElementPresent(Element.java:429)
at com.logigear.testfw.element.Element.isElementPresent(Element.java:438)
at com.logigear.testfw.element.Element.isElementPresent(Element.java:429)
at com.logigear.testfw.element.Element.isElementPresent(Element.java:438)
at com.logigear.testfw.element.Element.isElementPresent(Element.java:429)
at com.logigear.testfw.element.Element.isElementPresent(Element.java:438)
at com.logigear.testfw.element.Element.isElementPresent(Element.java:429)
at com.logigear.testfw.element.Element.isElementPresent(Element.java:438)
at com.logigear.testfw.element.Element.isElementPresent(Element.java:429)
at com.logigear.testfw.element.Element.isElementPresent(Element.java:438)
at com.logigear.testfw.element.Element.isElementPresent(Element.java:429)
at com.logigear.testfw.element.Element.isElementPresent(Element.java:438)
at com.logigear.testfw.element.Element.isElementPresent(Element.java:429)
at com.logigear.testfw.element.Element.isElementPresent(Element.java:438)
at com.logigear.testfw.element.Element.isElementPresent(Element.java:429)
at com.logigear.testfw.element.Element.isElementPresent(Element.java:438)
at com.logigear.testfw.element.Element.isElementPresent(Element.java:429)
at com.logigear.testfw.element.Element.isElementPresent(Element.java:438)
at com.logigear.testfw.element.Element.isElementPresent(Element.java:429)
at com.logigear.testfw.element.Element.isElementPresent(Element.java:438)
at com.logigear.testfw.element.Element.isElementPresent(Element.java:429)
at com.logigear.testfw.element.Element.isElementPresent(Element.java:438)
at com.logigear.testfw.element.Element.isElementPresent(Element.java:429)
at com.logigear.testfw.element.Element.isElementPresent(Element.java:438)
at com.logigear.testfw.element.Element.isElementPresent(Element.java:429)
at com.logigear.testfw.element.Element.isElementPresent(Element.java:438)
at com.logigear.testfw.element.Element.isElementPresent(Element.java:429)
at com.logigear.testfw.element.Element.isElementPresent(Element.java:438)
at com.logigear.testfw.element.Element.isElementPresent(Element.java:429)
at com.logigear.testfw.element.Element.isElementPresent(Element.java:438)
at com.logigear.testfw.element.Element.isElementPresent(Element.java:429)
at com.logigear.testfw.element.Element.isElementPresent(Element.java:438)
at com.logigear.testfw.element.Element.isElementPresent(Element.java:429)
at com.logigear.testfw.element.Element.isElementPresent(Element.java:438)
at com.logigear.testfw.element.Element.isElementPresent(Element.java:429)
at com.logigear.testfw.element.Element.isElementPresent(Element.java:438)
at com.logigear.testfw.element.Element.isElementPresent(Element.java:429)
at com.logigear.testfw.element.Element.isElementPresent(Element.java:438)
at com.logigear.testfw.element.Element.isElementPresent(Element.java:429)
at com.logigear.testfw.element.Element.isElementPresent(Element.java:438)
at com.logigear.testfw.element.Element.isElementPresent(Element.java:429)
at com.logigear.testfw.element.Element.isElementPresent(Element.java:438)
at com.logigear.testfw.element.Element.isElementPresent(Element.java:429)
at com.logigear.testfw.element.Element.isElementPresent(Element.java:438)
at com.logigear.testfw.element.Element.isElementPresent(Element.java:429)
at com.logigear.testfw.element.Element.isElementPresent(Element.java:438)
at com.logigear.testfw.element.Element.isElementPresent(Element.java:429)
at com.logigear.testfw.element.Element.isElementPresent(Element.java:438)
at com.logigear.testfw.element.Element.isElementPresent(Element.java:429)
at com.logigear.testfw.element.Element.isElementPresent(Element.java:438)
at com.logigear.testfw.element.Element.isElementPresent(Element.java:429)
at com.logigear.testfw.element.Element.isElementPresent(Element.java:438)
at com.logigear.testfw.element.Element.isElementPresent(Element.java:429)
at com.logigear.testfw.element.Element.isElementPresent(Element.java:438)
at com.logigear.testfw.element.Element.isElementPresent(Element.java:429)
at com.logigear.testfw.element.Element.isElementPresent(Element.java:438)
at com.logigear.testfw.element.Element.isElementPresent(Element.java:429)
at com.logigear.testfw.element.Element.isElementPresent(Element.java:438)
at com.logigear.testfw.element.Element.isElementPresent(Element.java:429)
at com.logigear.testfw.element.Element.isElementPresent(Element.java:438)
at com.logigear.testfw.element.Element.isElementPresent(Element.java:429)
at com.logigear.testfw.element.Element.isElementPresent(Element.java:438)
at com.logigear.testfw.element.Element.isElementPresent(Element.java:429)
at com.logigear.testfw.element.Element.isElementPresent(Element.java:438)
at com.logigear.testfw.element.Element.isElementPresent(Element.java:429)
at com.logigear.testfw.element.Element.isElementPresent(Element.java:438)
at com.logigear.testfw.element.Element.isElementPresent(Element.java:429)
at com.logigear.testfw.element.Element.isElementPresent(Element.java:438)
at com.logigear.testfw.element.Element.isElementPresent(Element.java:429)
at com.logigear.testfw.element.Element.isElementPresent(Element.java:438)
at com.logigear.testfw.element.Element.isElementPresent(Element.java:429)
at com.logigear.testfw.element.Element.isElementPresent(Element.java:438)
at com.logigear.testfw.element.Element.isElementPresent(Element.java:429)
at com.logigear.testfw.element.Element.isElementPresent(Element.java:438)
at com.logigear.testfw.element.Element.isElementPresent(Element.java:429)
at com.logigear.testfw.element.Element.isElementPresent(Element.java:438)
at com.logigear.testfw.element.Element.isElementPresent(Element.java:429)
at com.logigear.testfw.element.Element.isElementPresent(Element.java:438)
at com.logigear.testfw.element.Element.isElementPresent(Element.java:429)
at com.logigear.testfw.element.Element.isElementPresent(Element.java:438)
at com.logigear.testfw.element.Element.isElementPresent(Element.java:429)
at com.logigear.testfw.element.Element.isElementPresent(Element.java:438)
at com.logigear.testfw.element.Element.isElementPresent(Element.java:429)
at com.logigear.testfw.element.Element.isElementPresent(Element.java:438)
at com.logigear.testfw.element.Element.isElementPresent(Element.java:429)
at com.logigear.testfw.element.Element.isElementPresent(Element.java:438)
at com.logigear.testfw.element.Element.isElementPresent(Element.java:429)
at com.logigear.testfw.element.Element.isElementPresent(Element.java:438)
at com.logigear.testfw.element.Element.isElementPresent(Element.java:429)
at com.logigear.testfw.element.Element.isElementPresent(Element.java:438)
at com.logigear.testfw.element.Element.isElementPresent(Element.java:429)
at com.logigear.testfw.element.Element.isElementPresent(Element.java:438)
at com.logigear.testfw.element.Element.isElementPresent(Element.java:429)
at com.logigear.testfw.element.Element.isElementPresent(Element.java:438)
at com.logigear.testfw.element.Element.isElementPresent(Element.java:429)
at com.logigear.testfw.element.Element.isElementPresent(Element.java:438)
at com.logigear.testfw.element.Element.isElementPresent(Element.java:429)
at com.logigear.testfw.element.Element.isElementPresent(Element.java:438)
at com.logigear.testfw.element.Element.isElementPresent(Element.java:429)
at com.logigear.testfw.element.Element.isElementPresent(Element.java:438)
at com.logigear.testfw.element.Element.isElementPresent(Element.java:429)
at com.logigear.testfw.element.Element.isElementPresent(Element.java:438)
at com.logigear.testfw.element.Element.isElementPresent(Element.java:429)
at com.logigear.testfw.element.Element.isElementPresent(Element.java:438)
at com.logigear.testfw.element.Element.isElementPresent(Element.java:429)
at com.logigear.testfw.element.Element.isElementPresent(Element.java:438)
at com.logigear.testfw.element.Element.isElementPresent(Element.java:429)
at com.logigear.testfw.element.Element.isElementPresent(Element.java:438)
at com.logigear.testfw.element.Element.isElementPresent(Element.java:429)
at com.logigear.testfw.element.Element.isElementPresent(Element.java:438)
at com.logigear.testfw.element.Element.isElementPresent(Element.java:429)
at com.logigear.testfw.element.Element.isElementPresent(Element.java:438)
at com.logigear.testfw.element.Element.isElementPresent(Element.java:429)
at com.logigear.testfw.element.Element.isElementPresent(Element.java:438)
at com.logigear.testfw.element.Element.isElementPresent(Element.java:429)
at com.logigear.testfw.element.Element.isElementPresent(Element.java:438)
at com.logigear.testfw.element.Element.isElementPresent(Element.java:429)
at com.logigear.testfw.element.Element.isElementPresent(Element.java:438)
at com.logigear.testfw.element.Element.isElementPresent(Element.java:429)
at com.logigear.testfw.element.Element.isElementPresent(Element.java:438)
at com.logigear.testfw.element.Element.isElementPresent(Element.java:429)
at com.logigear.testfw.element.Element.isElementPresent(Element.java:438)
at com.logigear.testfw.element.Element.isElementPresent(Element.java:429)
at com.logigear.testfw.element.Element.isElementPresent(Element.java:438)
at com.logigear.testfw.element.Element.isElementPresent(Element.java:429)
at com.logigear.testfw.element.Element.isElementPresent(Element.java:438)
at com.logigear.testfw.element.Element.isElementPresent(Element.java:429)
at com.logigear.testfw.element.Element.isElementPresent(Element.java:438)
at com.logigear.testfw.element.Element.isElementPresent(Element.java:429)
at com.logigear.testfw.element.Element.isElementPresent(Element.java:438)
at com.logigear.testfw.element.Element.isElementPresent(Element.java:429)
at com.logigear.testfw.element.Element.isElementPresent(Element.java:438)
at com.logigear.testfw.element.Element.isElementPresent(Element.java:429)
at com.logigear.testfw.element.Element.isElementPresent(Element.java:438)
at com.logigear.testfw.element.Element.isElementPresent(Element.java:429)
at com.logigear.testfw.element.Element.isElementPresent(Element.java:438)
at com.logigear.testfw.element.Element.isElementPresent(Element.java:429)
at com.logigear.testfw.element.Element.isElementPresent(Element.java:438)
at com.logigear.testfw.element.Element.isElementPresent(Element.java:429)
at com.logigear.testfw.element.Element.isElementPresent(Element.java:438)
at com.logigear.testfw.element.Element.isElementPresent(Element.java:429)
at com.logigear.testfw.element.Element.isElementPresent(Element.java:438)
at com.logigear.testfw.element.Element.isElementPresent(Element.java:429)
at com.logigear.testfw.element.Element.isElementPresent(Element.java:438)
at com.logigear.testfw.element.Element.isElementPresent(Element.java:429)
at com.logigear.testfw.element.Element.isElementPresent(Element.java:438)
at com.logigear.testfw.element.Element.isElementPresent(Element.java:429)
at com.logigear.testfw.element.Element.isElementPresent(Element.java:438)
at com.logigear.testfw.element.Element.isElementPresent(Element.java:429)
at com.logigear.testfw.element.Element.isElementPresent(Element.java:438)
at com.logigear.testfw.element.Element.isElementPresent(Element.java:429)
at com.logigear.testfw.element.Element.isElementPresent(Element.java:438)
at com.logigear.testfw.element.Element.isElementPresent(Element.java:429)
at com.logigear.testfw.element.Element.isElementPresent(Element.java:438)
at com.logigear.testfw.element.Element.isElementPresent(Element.java:429)
at com.logigear.testfw.element.Element.isElementPresent(Element.java:438)
at com.logigear.testfw.element.Element.isElementPresent(Element.java:429)
at com.logigear.testfw.element.Element.isElementPresent(Element.java:438)
at com.logigear.testfw.element.Element.isElementPresent(Element.java:429)
at com.logigear.testfw.element.Element.isElementPresent(Element.java:438)
at com.logigear.testfw.element.Element.isElementPresent(Element.java:429)
at com.logigear.testfw.element.Element.isElementPresent(Element.java:438)
at com.logigear.testfw.element.Element.isElementPresent(Element.java:429)
at com.logigear.testfw.element.Element.isElementPresent(Element.java:438)
at com.logigear.testfw.element.Element.isElementPresent(Element.java:429)
at com.logigear.testfw.element.Element.isElementPresent(Element.java:438)
at com.logigear.testfw.element.Element.isElementPresent(Element.java:429)
at com.logigear.testfw.element.Element.isElementPresent(Element.java:438)
at com.logigear.testfw.element.Element.isElementPresent(Element.java:429)
at com.logigear.testfw.element.Element.isElementPresent(Element.java:438)
at com.logigear.testfw.element.Element.isElementPresent(Element.java:429)
at com.logigear.testfw.element.Element.isElementPresent(Element.java:438)
at com.logigear.testfw.element.Element.isElementPresent(Element.java:429)
at com.logigear.testfw.element.Element.isElementPresent(Element.java:438)
at com.logigear.testfw.element.Element.isElementPresent(Element.java:429)
at com.logigear.testfw.element.Element.isElementPresent(Element.java:438)
at com.logigear.testfw.element.Element.isElementPresent(Element.java:429)
at com.logigear.testfw.element.Element.isElementPresent(Element.java:438)
at com.logigear.testfw.element.Element.isElementPresent(Element.java:429)
at com.logigear.testfw.element.Element.isElementPresent(Element.java:438)
at com.logigear.testfw.element.Element.isElementPresent(Element.java:429)
at com.logigear.testfw.element.Element.isElementPresent(Element.java:438)
at com.logigear.testfw.element.Element.isElementPresent(Element.java:429)
at com.logigear.testfw.element.Element.isElementPresent(Element.java:438)
at com.logigear.testfw.element.Element.isElementPresent(Element.java:429)
at com.logigear.testfw.element.Element.isElementPresent(Element.java:438)
at com.logigear.testfw.element.Element.isElementPresent(Element.java:429)
at com.logigear.testfw.element.Element.isElementPresent(Element.java:438)
at com.logigear.testfw.element.Element.isElementPresent(Element.java:429)
at com.logigear.testfw.element.Element.isElementPresent(Element.java:438)
at com.logigear.testfw.element.Element.isElementPresent(Element.java:429)
at com.logigear.testfw.element.Element.isElementPresent(Element.java:438)
at com.logigear.testfw.element.Element.isElementPresent(Element.java:429)
at com.logigear.testfw.element.Element.isElementPresent(Element.java:438)
at com.logigear.testfw.element.Element.isElementPresent(Element.java:429)
at com.logigear.testfw.element.Element.isElementPresent(Element.java:438)
at com.logigear.testfw.element.Element.isElementPresent(Element.java:429)
at com.logigear.testfw.element.Element.isElementPresent(Element.java:438)
at com.logigear.testfw.element.Element.isElementPresent(Element.java:429)
at com.logigear.testfw.element.Element.isElementPresent(Element.java:438)
at com.logigear.testfw.element.Element.isElementPresent(Element.java:429)
at com.logigear.testfw.element.Element.isElementPresent(Element.java:438)
at com.logigear.testfw.element.Element.isElementPresent(Element.java:429)
at com.logigear.testfw.element.Element.isElementPresent(Element.java:438)
at com.logigear.testfw.element.Element.isElementPresent(Element.java:429)
at com.logigear.testfw.element.Element.isElementPresent(Element.java:438)
at com.logigear.testfw.element.Element.isElementPresent(Element.java:429)
at com.logigear.testfw.element.Element.isElementPresent(Element.java:438)
at com.logigear.testfw.element.Element.isElementPresent(Element.java:429)
at com.logigear.testfw.element.Element.isElementPresent(Element.java:438)
at com.logigear.testfw.element.Element.isElementPresent(Element.java:429)
at com.logigear.testfw.element.Element.isElementPresent(Element.java:438)
at com.logigear.testfw.element.Element.isElementPresent(Element.java:429)
at com.logigear.testfw.element.Element.isElementPresent(Element.java:438)
at com.logigear.testfw.element.Element.isElementPresent(Element.java:429)
at com.logigear.testfw.element.Element.isElementPresent(Element.java:438)
at com.logigear.testfw.element.Element.isElementPresent(Element.java:429)
at com.logigear.testfw.element.Element.isElementPresent(Element.java:438)
at com.logigear.testfw.element.Element.isElementPresent(Element.java:429)
at com.logigear.testfw.element.Element.isElementPresent(Element.java:438)
at com.logigear.testfw.element.Element.isElementPresent(Element.java:429)
at com.logigear.testfw.element.Element.isElementPresent(Element.java:438)
at com.logigear.testfw.element.Element.isElementPresent(Element.java:429)
at com.logigear.testfw.element.Element.isElementPresent(Element.java:438)
at com.logigear.testfw.element.Element.isElementPresent(Element.java:429)
at com.logigear.testfw.element.Element.isElementPresent(Element.java:438)
at com.logigear.testfw.element.Element.isElementPresent(Element.java:429)
at com.logigear.testfw.element.Element.isElementPresent(Element.java:438)
at com.logigear.testfw.element.Element.isElementPresent(Element.java:429)
at com.logigear.testfw.element.Element.isElementPresent(Element.java:438)
at com.logigear.testfw.element.Element.isElementPresent(Element.java:429)
at com.logigear.testfw.element.Element.isElementPresent(Element.java:438)
at com.logigear.testfw.element.Element.isElementPresent(Element.java:429)
at com.logigear.testfw.element.Element.isElementPresent(Element.java:438)
at com.logigear.testfw.element.Element.isElementPresent(Element.java:429)
at com.logigear.testfw.element.Element.isElementPresent(Element.java:438)
at com.logigear.testfw.element.Element.isElementPresent(Element.java:429)
at com.logigear.testfw.element.Element.isElementPresent(Element.java:438)
at com.logigear.testfw.element.Element.isElementPresent(Element.java:429)
at com.logigear.testfw.element.Element.isElementPresent(Element.java:438)
at com.logigear.testfw.element.Element.isElementPresent(Element.java:429)
at com.logigear.testfw.element.Element.isElementPresent(Element.java:438)
at com.logigear.testfw.element.Element.isElementPresent(Element.java:429)
at com.logigear.testfw.element.Element.isElementPresent(Element.java:438)
at com.logigear.testfw.element.Element.isElementPresent(Element.java:429)
at com.logigear.testfw.element.Element.isElementPresent(Element.java:438)
at com.logigear.testfw.element.Element.isElementPresent(Element.java:429)
at com.logigear.testfw.element.Element.isElementPresent(Element.java:438)
at com.logigear.testfw.element.Element.isElementPresent(Element.java:429)
at com.logigear.testfw.element.Element.isElementPresent(Element.java:438)
at com.logigear.testfw.element.Element.isElementPresent(Element.java:429)
at com.logigear.testfw.element.Element.isElementPresent(Element.java:438)
at com.logigear.testfw.element.Element.isElementPresent(Element.java:429)
at com.logigear.testfw.element.Element.isElementPresent(Element.java:438)
at com.logigear.testfw.element.Element.isElementPresent(Element.java:429)
at com.logigear.testfw.element.Element.isElementPresent(Element.java:438)
at com.logigear.testfw.element.Element.isElementPresent(Element.java:429)
at com.logigear.testfw.element.Element.isElementPresent(Element.java:438)
at com.logigear.testfw.element.Element.isElementPresent(Element.java:429)
at com.logigear.testfw.element.Element.isElementPresent(Element.java:438)
at com.logigear.testfw.element.Element.isElementPresent(Element.java:429)
at com.logigear.testfw.element.Element.isElementPresent(Element.java:438)
at com.logigear.testfw.element.Element.isElementPresent(Element.java:429)
at com.logigear.testfw.element.Element.isElementPresent(Element.java:438)
at com.logigear.testfw.element.Element.isElementPresent(Element.java:429)
at com.logigear.testfw.element.Element.isElementPresent(Element.java:438)
at com.logigear.testfw.element.Element.isElementPresent(Element.java:429)
at com.logigear.testfw.element.Element.isElementPresent(Element.java:438)
at com.logigear.testfw.element.Element.isElementPresent(Element.java:429)
at com.logigear.testfw.element.Element.isElementPresent(Element.java:438)
at com.logigear.testfw.element.Element.isElementPresent(Element.java:429)
at com.logigear.testfw.element.Element.isElementPresent(Element.java:438)
at com.logigear.testfw.element.Element.isElementPresent(Element.java:429)
at com.logigear.testfw.element.Element.isElementPresent(Element.java:438)
at com.logigear.testfw.element.Element.isElementPresent(Element.java:429)
at com.logigear.testfw.element.Element.isElementPresent(Element.java:438)
at com.logigear.testfw.element.Element.isElementPresent(Element.java:429)
at com.logigear.testfw.element.Element.isElementPresent(Element.java:438)
at com.logigear.testfw.element.Element.isElementPresent(Element.java:429)
at com.logigear.testfw.element.Element.isElementPresent(Element.java:438)
at com.logigear.testfw.element.Element.isElementPresent(Element.java:429)
at com.logigear.testfw.element.Element.isElementPresent(Element.java:438)
at com.logigear.testfw.element.Element.isElementPresent(Element.java:429)
at com.logigear.testfw.element.Element.isElementPresent(Element.java:438)
at com.logigear.testfw.element.Element.isElementPresent(Element.java:429)
at com.logigear.testfw.element.Element.isElementPresent(Element.java:438)
at com.logigear.testfw.element.Element.isElementPresent(Element.java:429)
at com.logigear.testfw.element.Element.isElementPresent(Element.java:438)
at com.logigear.testfw.element.Element.isElementPresent(Element.java:429)
at com.logigear.testfw.element.Element.isElementPresent(Element.java:438)
at com.logigear.testfw.element.Element.isElementPresent(Element.java:429)
at com.logigear.testfw.element.Element.isElementPresent(Element.java:438)
at com.logigear.testfw.element.Element.isElementPresent(Element.java:429)
at com.logigear.testfw.element.Element.isElementPresent(Element.java:438)
at com.logigear.testfw.element.Element.isElementPresent(Element.java:429)
at com.logigear.testfw.element.Element.isElementPresent(Element.java:438)
at com.logigear.testfw.element.Element.isElementPresent(Element.java:429)
at com.logigear.testfw.element.Element.isElementPresent(Element.java:438)
at com.logigear.testfw.element.Element.isElementPresent(Element.java:429)
at com.logigear.testfw.element.Element.isElementPresent(Element.java:438)
at com.logigear.testfw.element.Element.isElementPresent(Element.java:429)
at com.logigear.testfw.element.Element.isElementPresent(Element.java:438)
at com.logigear.testfw.element.Element.isElementPresent(Element.java:429)
at com.logigear.testfw.element.Element.isElementPresent(Element.java:438)
at com.logigear.testfw.element.Element.isElementPresent(Element.java:429)
at com.logigear.testfw.element.Element.isElementPresent(Element.java:438)
at com.logigear.testfw.element.Element.isElementPresent(Element.java:429)
at com.logigear.testfw.element.Element.isElementPresent(Element.java:438)
at com.logigear.testfw.element.Element.isElementPresent(Element.java:429)
at com.logigear.testfw.element.Element.isElementPresent(Element.java:438)
at com.logigear.testfw.element.Element.isElementPresent(Element.java:429)
at com.logigear.testfw.element.Element.isElementPresent(Element.java:438)
at com.logigear.testfw.element.Element.isElementPresent(Element.java:429)
at com.logigear.testfw.element.Element.isElementPresent(Element.java:438)
at com.logigear.testfw.element.Element.isElementPresent(Element.java:429)
at com.logigear.testfw.element.Element.isElementPresent(Element.java:438)
at com.logigear.testfw.element.Element.isElementPresent(Element.java:429)
at com.logigear.testfw.element.Element.isElementPresent(Element.java:438)
at com.logigear.testfw.element.Element.isElementPresent(Element.java:429)
at com.logigear.testfw.element.Element.isElementPresent(Element.java:438)
at com.logigear.testfw.element.Element.isElementPresent(Element.java:429)
at com.logigear.testfw.element.Element.isElementPresent(Element.java:438)
at com.logigear.testfw.element.Element.isElementPresent(Element.java:429)
at com.logigear.testfw.element.Element.isElementPresent(Element.java:438)
at com.logigear.testfw.element.Element.isElementPresent(Element.java:429)
at com.logigear.testfw.element.Element.isElementPresent(Element.java:438)
at com.logigear.testfw.element.Element.isElementPresent(Element.java:429)
at com.logigear.testfw.element.Element.isElementPresent(Element.java:438)
at com.logigear.testfw.element.Element.isElementPresent(Element.java:429)
at com.logigear.testfw.element.Element.isElementPresent(Element.java:438)
at com.logigear.testfw.element.Element.isElementPresent(Element.java:429)
at com.logigear.testfw.element.Element.isElementPresent(Element.java:438)
at com.logigear.testfw.element.Element.isElementPresent(Element.java:429)
at com.logigear.testfw.element.Element.isElementPresent(Element.java:438)
at com.logigear.testfw.element.Element.isElementPresent(Element.java:429)
at com.logigear.testfw.element.Element.isElementPresent(Element.java:438)
at com.logigear.testfw.element.Element.isElementPresent(Element.java:429)
at com.logigear.testfw.element.Element.isElementPresent(Element.java:438)
at com.logigear.testfw.element.Element.isElementPresent(Element.java:429)
at com.logigear.testfw.element.Element.isElementPresent(Element.java:438)
at com.logigear.testfw.element.Element.isElementPresent(Element.java:429)
at com.logigear.testfw.element.Element.isElementPresent(Element.java:438)
at com.logigear.testfw.element.Element.isElementPresent(Element.java:429)
at com.logigear.testfw.element.Element.isElementPresent(Element.java:438)
at com.logigear.testfw.element.Element.isElementPresent(Element.java:429)
at com.logigear.testfw.element.Element.isElementPresent(Element.java:438)
at com.logigear.testfw.element.Element.isElementPresent(Element.java:429)
at com.logigear.testfw.element.Element.isElementPresent(Element.java:438)
at com.logigear.testfw.element.Element.isElementPresent(Element.java:429)
at com.logigear.testfw.element.Element.isElementPresent(Element.java:438)
at com.logigear.testfw.element.Element.isElementPresent(Element.java:429)
at com.logigear.testfw.element.Element.isElementPresent(Element.java:438)
at com.logigear.testfw.element.Element.isElementPresent(Element.java:429)
at com.logigear.testfw.element.Element.isElementPresent(Element.java:438)
at com.logigear.testfw.element.Element.isElementPresent(Element.java:429)
at com.logigear.testfw.element.Element.isElementPresent(Element.java:438)
at com.logigear.testfw.element.Element.isElementPresent(Element.java:429)
at com.logigear.testfw.element.Element.isElementPresent(Element.java:438)
at com.logigear.testfw.element.Element.isElementPresent(Element.java:429)
at com.logigear.testfw.element.Element.isElementPresent(Element.java:438)
at com.logigear.testfw.element.Element.isElementPresent(Element.java:429)
at com.logigear.testfw.element.Element.isElementPresent(Element.java:438)
at com.logigear.testfw.element.Element.isElementPresent(Element.java:429)
at com.logigear.testfw.element.Element.isElementPresent(Element.java:438)
at com.logigear.testfw.element.Element.isElementPresent(Element.java:429)
at com.logigear.testfw.element.Element.isElementPresent(Element.java:438)
at com.logigear.testfw.element.Element.isElementPresent(Element.java:429)
at com.logigear.testfw.element.Element.isElementPresent(Element.java:438)
at com.logigear.testfw.element.Element.isElementPresent(Element.java:429)
at com.logigear.testfw.element.Element.isElementPresent(Element.java:438)
at com.logigear.testfw.element.Element.isElementPresent(Element.java:429)
at com.logigear.testfw.element.Element.isElementPresent(Element.java:438)
at com.logigear.testfw.element.Element.isElementPresent(Element.java:429)
at com.logigear.testfw.element.Element.isElementPresent(Element.java:438)
at com.logigear.testfw.element.Element.isElementPresent(Element.java:429)
at com.logigear.testfw.element.Element.isElementPresent(Element.java:438)
at com.logigear.testfw.element.Element.isElementPresent(Element.java:429)
at com.logigear.testfw.element.Element.isElementPresent(Element.java:438)
]]>
            </full-stacktrace>
          </exception> <!-- java.lang.StackOverflowError -->
          <reporter-output>
          </reporter-output>
        </test-method> <!-- TC_TempTest2 -->
        <test-method status="PASS" signature="cleanUp(org.testng.ITestResult)[pri:0, instance:com.logigear.test.ta_dashboard.testcases.FoodyTCs.TempTest2@6093dd95]" name="cleanUp" is-config="true" duration-ms="17141" started-at="2019-07-10T11:36:25Z" finished-at="2019-07-10T11:36:42Z">
          <params>
            <param index="0">
              <value>
                <![CDATA[[TestResult name=TC_TempTest2 status=FAILURE method=TempTest2.TC_TempTest2()[pri:0, instance:com.logigear.test.ta_dashboard.testcases.FoodyTCs.TempTest2@6093dd95] output={null}]]]>
              </value>
            </param>
          </params>
          <reporter-output>
          </reporter-output>
        </test-method> <!-- cleanUp -->
      </class> <!-- com.logigear.test.ta_dashboard.testcases.FoodyTCs.TempTest2 -->
    </test> <!-- FirstTest -->
  </suite> <!-- Suite -->
</testng-results>
